Log file open, 08/16/18 18:05:11
LogWindows: Failed to load 'aqProf.dll' (GetLastError=126)
LogWindows: File 'aqProf.dll' does not exist
LogWindows: Failed to load 'VtuneApi.dll' (GetLastError=126)
LogWindows: File 'VtuneApi.dll' does not exist
LogWindows: Failed to load 'VtuneApi32e.dll' (GetLastError=126)
LogWindows: File 'VtuneApi32e.dll' does not exist
LogInit: Display: Running engine for game: TimeLapsusDemo
LogPlatformFile: Not using cached read wrapper
LogInit: Display: RandInit(2058118092) SRandInit(2058118092).
LogInit: Read version file with build ID '3944462'
LogInit: Overriding engine version to CL 4033788, compatible CL 3944462
LogInit: Registered custom module enumerator with build ID '3944462'
LogTaskGraph: Started task graph with 5 named threads and 14 total threads with 3 sets of task threads.
LogStats: Stats thread started at 0.169125
LogD3D11RHI: Aftermath initialized
LogICUInternationalization: Display: ICU TimeZone Detection - Raw Offset: +1:00, Platform Override: ''
LogModuleManager: Display: Found up-to-date module file ../../../Engine/Plugins/2D/Paper2D/Binaries/Win64/UE4Editor-Paper2D.dll (API version 3944462).
LogModuleManager: Display: Found up-to-date module file ../../../Engine/Plugins/2D/Paper2D/Binaries/Win64/UE4Editor-Paper2DEditor.dll (API version 3944462).
LogModuleManager: Display: Found up-to-date module file ../../../Engine/Plugins/2D/Paper2D/Binaries/Win64/UE4Editor-PaperSpriteSheetImporter.dll (API version 3944462).
LogModuleManager: Display: Found up-to-date module file ../../../Engine/Plugins/2D/Paper2D/Binaries/Win64/UE4Editor-PaperTiledImporter.dll (API version 3944462).
LogModuleManager: Display: Found up-to-date module file ../../../Engine/Plugins/2D/Paper2D/Binaries/Win64/UE4Editor-SmartSnapping.dll (API version 3944462).
LogModuleManager: Display: Found up-to-date module file ../../../Engine/Plugins/Blendables/LightPropagationVolume/Binaries/Win64/UE4Editor-LightPropagationVolumeRuntime.dll (API version 3944462).
LogModuleManager: Display: Found up-to-date module file ../../../Engine/Plugins/Blendables/LightPropagationVolume/Binaries/Win64/UE4Editor-LightPropagationVolumeEditor.dll (API version 3944462).
LogModuleManager: Display: Found up-to-date module file ../../../Engine/Plugins/Developer/CLionSourceCodeAccess/Binaries/Win64/UE4Editor-CLionSourceCodeAccess.dll (API version 3944462).
LogModuleManager: Display: Found up-to-date module file ../../../Engine/Plugins/Developer/GitSourceControl/Binaries/Win64/UE4Editor-GitSourceControl.dll (API version 3944462).
LogModuleManager: Display: Found up-to-date module file ../../../Engine/Plugins/Developer/PerforceSourceControl/Binaries/Win64/UE4Editor-PerforceSourceControl.dll (API version 3944462).
LogModuleManager: Display: Found up-to-date module file ../../../Engine/Plugins/Developer/SubversionSourceControl/Binaries/Win64/UE4Editor-SubversionSourceControl.dll (API version 3944462).
LogModuleManager: Display: Found up-to-date module file ../../../Engine/Plugins/Developer/UObjectPlugin/Binaries/Win64/UE4Editor-UObjectPlugin.dll (API version 3944462).
LogModuleManager: Display: Found up-to-date module file ../../../Engine/Plugins/Developer/VisualStudioCodeSourceCodeAccess/Binaries/Win64/UE4Editor-VisualStudioCodeSourceCodeAccess.dll (API version 3944462).
LogModuleManager: Display: Found up-to-date module file ../../../Engine/Plugins/Developer/VisualStudioSourceCodeAccess/Binaries/Win64/UE4Editor-VisualStudioSourceCodeAccess.dll (API version 3944462).
LogModuleManager: Display: Found up-to-date module file ../../../Engine/Plugins/Editor/AssetManagerEditor/Binaries/Win64/UE4Editor-AssetManagerEditor.dll (API version 3944462).
LogModuleManager: Display: Found up-to-date module file ../../../Engine/Plugins/Editor/CryptoKeys/Binaries/Win64/UE4Editor-CryptoKeys.dll (API version 3944462).
LogModuleManager: Display: Found up-to-date module file ../../../Engine/Plugins/Editor/CryptoKeys/Binaries/Win64/UE4Editor-CryptoKeysOpenSSL.dll (API version 3944462).
LogModuleManager: Display: Found up-to-date module file ../../../Engine/Plugins/Editor/DataValidation/Binaries/Win64/UE4Editor-DataValidation.dll (API version 3944462).
LogModuleManager: Display: Found up-to-date module file ../../../Engine/Plugins/Editor/FacialAnimation/Binaries/Win64/UE4Editor-FacialAnimation.dll (API version 3944462).
LogModuleManager: Display: Found up-to-date module file ../../../Engine/Plugins/Editor/FacialAnimation/Binaries/Win64/UE4Editor-FacialAnimationEditor.dll (API version 3944462).
LogModuleManager: Display: Found up-to-date module file ../../../Engine/Plugins/Editor/GameplayTagsEditor/Binaries/Win64/UE4Editor-GameplayTagsEditor.dll (API version 3944462).
LogModuleManager: Display: Found up-to-date module file ../../../Engine/Plugins/Editor/MobileLauncherProfileWizard/Binaries/Win64/UE4Editor-MobileLauncherProfileWizard.dll (API version 3944462).
LogModuleManager: Display: Found up-to-date module file ../../../Engine/Plugins/Editor/PluginBrowser/Binaries/Win64/UE4Editor-PluginBrowser.dll (API version 3944462).
LogModuleManager: Display: Found up-to-date module file ../../../Engine/Plugins/Editor/SpeedTreeImporter/Binaries/Win64/UE4Editor-SpeedTreeImporter.dll (API version 3944462).
LogModuleManager: Display: Found up-to-date module file ../../../Engine/Plugins/Enterprise/DatasmithContent/Binaries/Win64/UE4Editor-DatasmithContent.dll (API version 3944462).
LogModuleManager: Display: Found up-to-date module file ../../../Engine/Plugins/Experimental/AlembicImporter/Binaries/Win64/UE4Editor-AlembicImporter.dll (API version 3944462).
LogModuleManager: Display: Found up-to-date module file ../../../Engine/Plugins/Experimental/AlembicImporter/Binaries/Win64/UE4Editor-AlembicLibrary.dll (API version 3944462).
LogModuleManager: Display: Found up-to-date module file ../../../Engine/Plugins/Experimental/CharacterAI/Binaries/Win64/UE4Editor-CharacterAI.dll (API version 3944462).
LogModuleManager: Display: Found up-to-date module file ../../../Engine/Plugins/Experimental/HTML5Networking/Binaries/Win64/UE4Editor-HTML5Networking.dll (API version 3944462).
LogModuleManager: Display: Found up-to-date module file ../../../Engine/Plugins/Media/AndroidMedia/Binaries/Win64/UE4Editor-AndroidMediaEditor.dll (API version 3944462).
LogModuleManager: Display: Found up-to-date module file ../../../Engine/Plugins/Media/AndroidMedia/Binaries/Win64/UE4Editor-AndroidMediaFactory.dll (API version 3944462).
LogModuleManager: Display: Found up-to-date module file ../../../Engine/Plugins/Media/AvfMedia/Binaries/Win64/UE4Editor-AvfMediaEditor.dll (API version 3944462).
LogModuleManager: Display: Found up-to-date module file ../../../Engine/Plugins/Media/AvfMedia/Binaries/Win64/UE4Editor-AvfMediaFactory.dll (API version 3944462).
LogModuleManager: Display: Found up-to-date module file ../../../Engine/Plugins/Media/AvfMedia/Binaries/Win64/UE4Editor-AvfMediaFactory.dll (API version 3944462).
LogModuleManager: Display: Found up-to-date module file ../../../Engine/Plugins/Media/ImgMedia/Binaries/Win64/UE4Editor-ImgMedia.dll (API version 3944462).
LogModuleManager: Display: Found up-to-date module file ../../../Engine/Plugins/Media/ImgMedia/Binaries/Win64/UE4Editor-ImgMediaEditor.dll (API version 3944462).
LogModuleManager: Display: Found up-to-date module file ../../../Engine/Plugins/Media/ImgMedia/Binaries/Win64/UE4Editor-ImgMediaFactory.dll (API version 3944462).
LogModuleManager: Display: Found up-to-date module file ../../../Engine/Plugins/Media/ImgMedia/Binaries/Win64/UE4Editor-ImgMediaFactory.dll (API version 3944462).
LogModuleManager: Display: Found up-to-date module file ../../../Engine/Plugins/Media/ImgMedia/Binaries/Win64/UE4Editor-OpenExrWrapper.dll (API version 3944462).
LogModuleManager: Display: Found up-to-date module file ../../../Engine/Plugins/Media/LinearTimecode/Binaries/Win64/UE4Editor-LinearTimecode.dll (API version 3944462).
LogModuleManager: Display: Found up-to-date module file ../../../Engine/Plugins/Media/MediaCompositing/Binaries/Win64/UE4Editor-MediaCompositing.dll (API version 3944462).
LogModuleManager: Display: Found up-to-date module file ../../../Engine/Plugins/Media/MediaCompositing/Binaries/Win64/UE4Editor-MediaCompositingEditor.dll (API version 3944462).
LogModuleManager: Display: Found up-to-date module file ../../../Engine/Plugins/Media/MediaPlayerEditor/Binaries/Win64/UE4Editor-MediaPlayerEditor.dll (API version 3944462).
LogModuleManager: Display: Found up-to-date module file ../../../Engine/Plugins/Media/WmfMedia/Binaries/Win64/UE4Editor-WmfMedia.dll (API version 3944462).
LogModuleManager: Display: Found up-to-date module file ../../../Engine/Plugins/Media/WmfMedia/Binaries/Win64/UE4Editor-WmfMediaEditor.dll (API version 3944462).
LogModuleManager: Display: Found up-to-date module file ../../../Engine/Plugins/Media/WmfMedia/Binaries/Win64/UE4Editor-WmfMediaFactory.dll (API version 3944462).
LogModuleManager: Display: Found up-to-date module file ../../../Engine/Plugins/Media/WmfMedia/Binaries/Win64/UE4Editor-WmfMediaFactory.dll (API version 3944462).
LogModuleManager: Display: Found up-to-date module file ../../../Engine/Plugins/Messaging/TcpMessaging/Binaries/Win64/UE4Editor-TcpMessaging.dll (API version 3944462).
LogModuleManager: Display: Found up-to-date module file ../../../Engine/Plugins/Messaging/UdpMessaging/Binaries/Win64/UE4Editor-UdpMessaging.dll (API version 3944462).
LogModuleManager: Display: Found up-to-date module file ../../../Engine/Plugins/MovieScene/ActorSequence/Binaries/Win64/UE4Editor-ActorSequence.dll (API version 3944462).
LogModuleManager: Display: Found up-to-date module file ../../../Engine/Plugins/MovieScene/LevelSequenceEditor/Binaries/Win64/UE4Editor-LevelSequenceEditor.dll (API version 3944462).
LogModuleManager: Display: Found up-to-date module file ../../../Engine/Plugins/MovieScene/MatineeToLevelSequence/Binaries/Win64/UE4Editor-MatineeToLevelSequence.dll (API version 3944462).
LogModuleManager: Display: Found up-to-date module file ../../../Engine/Plugins/NetcodeUnitTest/NetcodeUnitTest/Binaries/Win64/UE4Editor-NetcodeUnitTest.dll (API version 3944462).
LogModuleManager: Display: Found up-to-date module file ../../../Engine/Plugins/NetcodeUnitTest/NUTUnrealEngine4/Binaries/Win64/UE4Editor-NUTUnrealEngine4.dll (API version 3944462).
LogModuleManager: Display: Found up-to-date module file ../../../Engine/Plugins/Online/OnlineSubsystem/Binaries/Win64/UE4Editor-OnlineSubsystem.dll (API version 3944462).
LogModuleManager: Display: Found up-to-date module file ../../../Engine/Plugins/Runtime/AndroidPermission/Binaries/Win64/UE4Editor-AndroidPermission.dll (API version 3944462).
LogModuleManager: Display: Found up-to-date module file ../../../Engine/Plugins/Online/OnlineSubsystemNull/Binaries/Win64/UE4Editor-OnlineSubsystemNull.dll (API version 3944462).
LogModuleManager: Display: Found up-to-date module file ../../../Engine/Plugins/Online/OnlineSubsystemUtils/Binaries/Win64/UE4Editor-OnlineSubsystemUtils.dll (API version 3944462).
LogModuleManager: Display: Found up-to-date module file ../../../Engine/Plugins/Online/OnlineSubsystemUtils/Binaries/Win64/UE4Editor-OnlineBlueprintSupport.dll (API version 3944462).
LogModuleManager: Display: Found up-to-date module file ../../../Engine/Plugins/Runtime/AndroidDeviceProfileSelector/Binaries/Win64/UE4Editor-AndroidDeviceProfileSelector.dll (API version 3944462).
LogModuleManager: Display: Found up-to-date module file ../../../Engine/Plugins/Runtime/AppleARKit/Binaries/Win64/UE4Editor-AppleARKit.dll (API version 3944462).
LogModuleManager: Display: Found up-to-date module file ../../../Engine/Plugins/Runtime/ProceduralMeshComponent/Binaries/Win64/UE4Editor-ProceduralMeshComponent.dll (API version 3944462).
LogModuleManager: Display: Found up-to-date module file ../../../Engine/Plugins/Runtime/ProceduralMeshComponent/Binaries/Win64/UE4Editor-ProceduralMeshComponentEditor.dll (API version 3944462).
LogModuleManager: Display: Found up-to-date module file ../../../Engine/Plugins/Animation/LiveLink/Binaries/Win64/UE4Editor-LiveLink.dll (API version 3944462).
LogModuleManager: Display: Found up-to-date module file ../../../Engine/Plugins/Animation/LiveLink/Binaries/Win64/UE4Editor-LiveLinkEditor.dll (API version 3944462).
LogModuleManager: Display: Found up-to-date module file ../../../Engine/Plugins/Runtime/ArchVisCharacter/Binaries/Win64/UE4Editor-ArchVisCharacter.dll (API version 3944462).
LogModuleManager: Display: Found up-to-date module file ../../../Engine/Plugins/Runtime/AudioCapture/Binaries/Win64/UE4Editor-AudioCapture.dll (API version 3944462).
LogModuleManager: Display: Found up-to-date module file ../../../Engine/Plugins/Runtime/AudioCapture/Binaries/Win64/UE4Editor-AudioCaptureEditor.dll (API version 3944462).
LogModuleManager: Display: Found up-to-date module file ../../../Engine/Plugins/Runtime/CableComponent/Binaries/Win64/UE4Editor-CableComponent.dll (API version 3944462).
LogModuleManager: Display: Found up-to-date module file ../../../Engine/Plugins/Runtime/CustomMeshComponent/Binaries/Win64/UE4Editor-CustomMeshComponent.dll (API version 3944462).
LogModuleManager: Display: Found up-to-date module file ../../../Engine/Plugins/Runtime/ExampleDeviceProfileSelector/Binaries/Win64/UE4Editor-ExampleDeviceProfileSelector.dll (API version 3944462).
LogModuleManager: Display: Found up-to-date module file ../../../Engine/Plugins/Runtime/ImmediatePhysics/Binaries/Win64/UE4Editor-ImmediatePhysics.dll (API version 3944462).
LogModuleManager: Display: Found up-to-date module file ../../../Engine/Plugins/Runtime/ImmediatePhysics/Binaries/Win64/UE4Editor-ImmediatePhysicsEditor.dll (API version 3944462).
LogModuleManager: Display: Found up-to-date module file ../../../Engine/Plugins/Runtime/LocationServicesBPLibrary/Binaries/Win64/UE4Editor-LocationServicesBPLibrary.dll (API version 3944462).
LogModuleManager: Display: Found up-to-date module file ../../../Engine/Plugins/Runtime/MobilePatchingUtils/Binaries/Win64/UE4Editor-MobilePatchingUtils.dll (API version 3944462).
LogModuleManager: Display: Found up-to-date module file ../../../Engine/Plugins/Runtime/Oculus/OculusVR/Binaries/Win64/UE4Editor-OculusHMD.dll (API version 3944462).
LogModuleManager: Display: Found up-to-date module file ../../../Engine/Plugins/Runtime/Oculus/OculusVR/Binaries/Win64/UE4Editor-OculusInput.dll (API version 3944462).
LogModuleManager: Display: Found up-to-date module file ../../../Engine/Plugins/Runtime/Oculus/OculusVR/Binaries/Win64/UE4Editor-OculusEditor.dll (API version 3944462).
LogModuleManager: Display: Found up-to-date module file ../../../Engine/Plugins/Runtime/PhysXVehicles/Binaries/Win64/UE4Editor-PhysXVehicles.dll (API version 3944462).
LogModuleManager: Display: Found up-to-date module file ../../../Engine/Plugins/Runtime/PhysXVehicles/Binaries/Win64/UE4Editor-PhysXVehiclesEditor.dll (API version 3944462).
LogModuleManager: Display: Found up-to-date module file ../../../Engine/Plugins/Runtime/RuntimePhysXCooking/Binaries/Win64/UE4Editor-RuntimePhysXCooking.dll (API version 3944462).
LogModuleManager: Display: Found up-to-date module file ../../../Engine/Plugins/Runtime/Steam/SteamVR/Binaries/Win64/UE4Editor-SteamVR.dll (API version 3944462).
LogModuleManager: Display: Found up-to-date module file ../../../Engine/Plugins/Runtime/Steam/SteamVR/Binaries/Win64/UE4Editor-SteamVRController.dll (API version 3944462).
LogModuleManager: Display: Found up-to-date module file ../../../Engine/Plugins/Runtime/WindowsMoviePlayer/Binaries/Win64/UE4Editor-WindowsMoviePlayer.dll (API version 3944462).
LogPluginManager: Mounting plugin Paper2D
LogPluginManager: Mounting plugin LiveLink
LogPluginManager: Mounting plugin LightPropagationVolume
LogPluginManager: Mounting plugin CLionSourceCodeAccess
LogPluginManager: Mounting plugin CodeLiteSourceCodeAccess
LogPluginManager: Mounting plugin GitSourceControl
LogPluginManager: Mounting plugin KDevelopSourceCodeAccess
LogPluginManager: Mounting plugin NullSourceCodeAccess
LogPluginManager: Mounting plugin PerforceSourceControl
LogPluginManager: Mounting plugin SubversionSourceControl
LogPluginManager: Mounting plugin UObjectPlugin
LogPluginManager: Mounting plugin VisualStudioCodeSourceCodeAccess
LogPluginManager: Mounting plugin VisualStudioSourceCodeAccess
LogPluginManager: Mounting plugin XCodeSourceCodeAccess
LogPluginManager: Mounting plugin AssetManagerEditor
LogPluginManager: Mounting plugin CryptoKeys
LogPluginManager: Mounting plugin DataValidation
LogPluginManager: Mounting plugin FacialAnimation
LogPluginManager: Mounting plugin GameplayTagsEditor
LogPluginManager: Mounting plugin MobileLauncherProfileWizard
LogPluginManager: Mounting plugin PluginBrowser
LogPluginManager: Mounting plugin SpeedTreeImporter
LogPluginManager: Mounting plugin DatasmithContent
LogPluginManager: Mounting plugin AlembicImporter
LogPluginManager: Mounting plugin CharacterAI
LogPluginManager: Mounting plugin HTML5Networking
LogPluginManager: Mounting plugin AndroidMedia
LogPluginManager: Mounting plugin AvfMedia
LogPluginManager: Mounting plugin ImgMedia
LogPluginManager: Mounting plugin LinearTimecode
LogPluginManager: Mounting plugin MediaCompositing
LogPluginManager: Mounting plugin MediaPlayerEditor
LogPluginManager: Mounting plugin WmfMedia
LogPluginManager: Mounting plugin TcpMessaging
LogPluginManager: Mounting plugin UdpMessaging
LogPluginManager: Mounting plugin ActorSequence
LogPluginManager: Mounting plugin LevelSequenceEditor
LogPluginManager: Mounting plugin MatineeToLevelSequence
LogPluginManager: Mounting plugin NetcodeUnitTest
LogPluginManager: Mounting plugin NUTUnrealEngine4
LogPluginManager: Mounting plugin OnlineSubsystemGooglePlay
LogPluginManager: Mounting plugin OnlineSubsystemIOS
LogPluginManager: Mounting plugin OnlineSubsystem
LogPluginManager: Mounting plugin OnlineSubsystemNull
LogPluginManager: Mounting plugin OnlineSubsystemUtils
LogPluginManager: Mounting plugin AndroidDeviceProfileSelector
LogPluginManager: Mounting plugin AndroidMoviePlayer
LogPluginManager: Mounting plugin AndroidPermission
LogPluginManager: Mounting plugin AppleARKit
LogPluginManager: Mounting plugin AppleMoviePlayer
LogPluginManager: Mounting plugin ArchVisCharacter
LogPluginManager: Mounting plugin AudioCapture
LogPluginManager: Mounting plugin CableComponent
LogPluginManager: Mounting plugin CustomMeshComponent
LogPluginManager: Mounting plugin ExampleDeviceProfileSelector
LogPluginManager: Mounting plugin GoogleCloudMessaging
LogPluginManager: Mounting plugin ImmediatePhysics
LogPluginManager: Mounting plugin IOSDeviceProfileSelector
LogPluginManager: Mounting plugin LinuxDeviceProfileSelector
LogPluginManager: Mounting plugin LocationServicesBPLibrary
LogPluginManager: Mounting plugin MobilePatchingUtils
LogPluginManager: Mounting plugin OculusVR
LogPluginManager: Plugin shader directory ../../../Engine/Plugins/Runtime/Oculus/OculusVR/Shaders found
LogPluginManager: Mapping shader source directory ../../../Engine/Plugins/Runtime/Oculus/OculusVR/Shaders to virtual directory /Plugin/OculusVR
LogPluginManager: Mounting plugin PhysXVehicles
LogPluginManager: Mounting plugin ProceduralMeshComponent
LogPluginManager: Mounting plugin RuntimePhysXCooking
LogPluginManager: Mounting plugin SteamVR
LogPluginManager: Mounting plugin WindowsMoviePlayer
LogStreaming: Display: Took  0.672s to configure plugins.
LogInit: Using libcurl 7.47.1
LogInit:  - built for x86_64-pc-win32
LogInit:  - supports SSL with OpenSSL/1.0.2g
LogInit:  - supports HTTP deflate (compression) using libz 1.2.8
LogInit:  - other features:
LogInit:      CURL_VERSION_SSL
LogInit:      CURL_VERSION_LIBZ
LogInit:      CURL_VERSION_IPV6
LogInit:      CURL_VERSION_ASYNCHDNS
LogInit:      CURL_VERSION_LARGEFILE
LogInit:      CURL_VERSION_IDN
LogInit:  CurlRequestOptions (configurable via config and command line):
LogInit:  - bVerifyPeer = false  - Libcurl will NOT verify peer certificate
LogInit:  - bUseHttpProxy = false  - Libcurl will NOT use HTTP proxy
LogInit:  - bDontReuseConnections = false  - Libcurl will reuse connections
LogInit:  - CertBundlePath = nullptr  - Libcurl will use whatever was configured at build time.
LogInit:  - MaxHostConnections = 16  - Libcurl will limit the number of connections to a host
LogInit:  - LocalHostAddr = Default
LogInit: WinSock: version 1.1 (2.2), MaxSocks=32767, MaxUdp=65467
LogInit: WinSock: I am BOB (192.168.0.115:0)
LogInit: Build: ++UE4+Release-4.19-CL-4033788
LogInit: Engine Version: 4.19.2-4033788+++UE4+Release-4.19
LogInit: Compatible Engine Version: 4.19.0-3944462+++UE4+Release-4.19
LogInit: Net CL: 3944462
LogDevObjectVersion: Number of dev versions registered: 18
LogDevObjectVersion:   Dev-Blueprints (B0D832E4-1F89-4F0D-ACCF-7EB736FD4AA2): 10
LogDevObjectVersion:   Dev-Build (E1C64328-A22C-4D53-A36C-8E866417BD8C): 0
LogDevObjectVersion:   Dev-Core (375EC13C-06E4-48FB-B500-84F0262A717E): 2
LogDevObjectVersion:   Dev-Editor (E4B068ED-F494-42E9-A231-DA0B2E46BB41): 23
LogDevObjectVersion:   Dev-Framework (CFFC743F-43B0-4480-9391-14DF171D2073): 33
LogDevObjectVersion:   Dev-Mobile (B02B49B5-BB20-44E9-A304-32B752E40360): 2
LogDevObjectVersion:   Dev-Networking (A4E4105C-59A1-49B5-A7C5-40C4547EDFEE): 0
LogDevObjectVersion:   Dev-Online (39C831C9-5AE6-47DC-9A44-9C173E1C8E7C): 0
LogDevObjectVersion:   Dev-Physics (78F01B33-EBEA-4F98-B9B4-84EACCB95AA2): 0
LogDevObjectVersion:   Dev-Platform (6631380F-2D4D-43E0-8009-CF276956A95A): 0
LogDevObjectVersion:   Dev-Rendering (12F88B9F-8875-4AFC-A67C-D90C383ABD29): 25
LogDevObjectVersion:   Dev-Sequencer (7B5AE74C-D270-4C10-A958-57980B212A5A): 6
LogDevObjectVersion:   Dev-VR (D7296918-1DD6-4BDD-9DE2-64A83CC13884): 1
LogDevObjectVersion:   Dev-LoadTimes (C2A15278-BFE7-4AFE-6C17-90FF531DF755): 1
LogDevObjectVersion:   Private-Geometry (6EACA3D4-40EC-4CC1-B786-8BED09428FC5): 2
LogDevObjectVersion:   Dev-AnimPhys (29E575DD-E0A3-4627-9D10-D276232CDCEA): 16
LogDevObjectVersion:   Dev-ReflectionCapture (6B266CEC-1EC7-4B8F-A30B-E4D90942FC07): 1
LogDevObjectVersion:   Dev-Automation (0DF73D61-A23F-47EA-B727-89E90C41499A): 1
LogInit: Compiled (64-bit): Apr 27 2018 02:06:57
LogInit: Compiled with Visual C++: 19.00.24215.01
LogInit: Build Configuration: Development
LogInit: Branch Name: ++UE4+Release-4.19
LogInit: Command Line: -EpicPortal 
LogInit: Base Directory: F:/Program Files/Epic Games/UE_4.19/Engine/Binaries/Win64/
LogInit: Installed Engine Build: 1
LogStreaming: Display: Took  0.001s to delete old logs.
LogInit: Presizing for max 8388607 objects, including 0 objects not considered by GC, pre-allocating 0 bytes for permanent pool.
LogInit: Object subsystem initialized
[2018.08.16-16.05.12:609][  0]LogInit: Selected Device Profile: [Windows]
[2018.08.16-16.05.12:609][  0]LogInit: Applying CVar settings loaded from the selected device profile: [Windows]
[2018.08.16-16.05.12:625][  0]LogInit: Computer: BOB
[2018.08.16-16.05.12:625][  0]LogInit: User: mattk000
[2018.08.16-16.05.12:625][  0]LogInit: CPU Page size=4096, Cores=4
[2018.08.16-16.05.12:625][  0]LogInit: High frequency timer resolution =10.000000 MHz
[2018.08.16-16.05.12:625][  0]LogMemory: Memory total: Physical=23.9GB (24GB approx)
[2018.08.16-16.05.12:625][  0]LogMemory: Platform Memory Stats for Windows
[2018.08.16-16.05.12:625][  0]LogMemory: Process Physical Memory: 274.88 MB used, 274.88 MB peak
[2018.08.16-16.05.12:625][  0]LogMemory: Process Virtual Memory: 264.12 MB used, 264.12 MB peak
[2018.08.16-16.05.12:625][  0]LogMemory: Physical Memory: 6214.04 MB used,  18309.98 MB free, 24524.01 MB total
[2018.08.16-16.05.12:625][  0]LogMemory: Virtual Memory: 4779.28 MB used,  18309.98 MB free, 134217728.00 MB total
[2018.08.16-16.05.12:639][  0]LogInit: Using OS detected language (en-US).
[2018.08.16-16.05.12:639][  0]LogInit: Using OS detected locale (en-US).
[2018.08.16-16.05.12:641][  0]LogTextLocalizationManager: No specific localization for 'en-US' exists, so the 'en' localization will be used.
[2018.08.16-16.05.13:035][  0]LogStreaming: Display: Took  0.396s to EndInitTextLocalization.
[2018.08.16-16.05.13:035][  0]LogInit: Setting process to per monitor DPI aware
[2018.08.16-16.05.13:068][  0]LogSlate: New Slate User Created.  User Index 0, Is Virtual User: 0
[2018.08.16-16.05.13:068][  0]LogSlate: Slate User Registered.  User Index 0, Is Virtual User: 0
[2018.08.16-16.05.13:229][  0]LogD3D11RHI: D3D11 adapters:
[2018.08.16-16.05.13:251][  0]LogD3D11RHI:    0. 'AMD Radeon R9 200 Series' (Feature Level 11_0)
[2018.08.16-16.05.13:252][  0]LogD3D11RHI:       4072/0/12262 MB DedicatedVideo/DedicatedSystem/SharedSystem, Outputs:2, VendorId:0x1002
[2018.08.16-16.05.13:253][  0]LogD3D11RHI:    1. 'Microsoft Basic Render Driver' (Feature Level 11_0)
[2018.08.16-16.05.13:253][  0]LogD3D11RHI:       0/0/12262 MB DedicatedVideo/DedicatedSystem/SharedSystem, Outputs:0, VendorId:0x1414
[2018.08.16-16.05.13:253][  0]LogD3D11RHI: Chosen D3D11 Adapter: 0
[2018.08.16-16.05.13:260][  0]LogD3D11RHI: Creating new Direct3DDevice
[2018.08.16-16.05.13:260][  0]LogD3D11RHI:     GPU DeviceId: 0x67b1 (for the marketing name, search the web for "GPU Device Id")
[2018.08.16-16.05.13:260][  0]LogWindows: EnumDisplayDevices:
[2018.08.16-16.05.13:260][  0]LogWindows:    0. 'AMD Radeon R9 200 Series' (P:0 D:1)
[2018.08.16-16.05.13:260][  0]LogWindows:    1. 'AMD Radeon R9 200 Series' (P:1 D:1)
[2018.08.16-16.05.13:260][  0]LogWindows:    2. 'AMD Radeon R9 200 Series' (P:0 D:0)
[2018.08.16-16.05.13:260][  0]LogWindows:    3. 'AMD Radeon R9 200 Series' (P:0 D:0)
[2018.08.16-16.05.13:261][  0]LogWindows:    4. 'AMD Radeon R9 200 Series' (P:0 D:0)
[2018.08.16-16.05.13:261][  0]LogWindows:    5. 'AMD Radeon R9 200 Series' (P:0 D:0)
[2018.08.16-16.05.13:261][  0]LogWindows: DebugString: GetVideoDriverDetailsInvalid PrimaryIsNotTheChoosenAdapter GetVideoDriverDetailsInvalid PrimaryIsNotTheChoosenAdapter GetVideoDriverDetailsInvalid PrimaryIsNotTheChoosenAdapter GetVideoDriverDetailsInvalid PrimaryIsNotTheChoosenAdapter GetVideoDriverDetailsInvalid PrimaryIsNotTheChoosenAdapter GetVideoDriverDetailsInvalid PrimaryIsNotTheChoosenAdapter FoundDriverCount:0 
[2018.08.16-16.05.13:261][  0]LogD3D11RHI:     Adapter Name: AMD Radeon R9 200 Series
[2018.08.16-16.05.13:261][  0]LogD3D11RHI:   Driver Version: Unknown (internal:Unknown, unified:Unknown)
[2018.08.16-16.05.13:261][  0]LogD3D11RHI:      Driver Date: Unknown
[2018.08.16-16.05.13:261][  0]LogRHI: Texture pool is 2850 MB (70% of 4072 MB)
[2018.08.16-16.05.13:289][  0]LogD3D11RHI: Async texture creation enabled
[2018.08.16-16.05.13:300][  0]LogD3D11RHI: GPU Timing Frequency: 27.000000 (Debug: 2 1)
[2018.08.16-16.05.13:301][  0]LogShaderCompilers: Guid format shader working directory is -42 characters bigger than the processId version (../../../../../../Sources/TimeLapsusPlugin/AdventurePluginDev/TimeLapsusDemo/TimeLapsusDemo/Intermediate/Shaders/WorkingDirectory/19512/).
[2018.08.16-16.05.13:301][  0]LogShaderCompilers: Cleaned the shader compiler working directory 'C:/Users/mattk_000/AppData/Local/Temp/UnrealShaderWorkingDir/8FC70D2541AC478737A871953CC19F95/'.
[2018.08.16-16.05.13:501][  0]LogTemp: Display: Loaded TP AllDesktopTargetPlatform
[2018.08.16-16.05.13:513][  0]LogTemp: Display: Loaded TP MacClientTargetPlatform
[2018.08.16-16.05.13:525][  0]LogTemp: Display: Loaded TP MacNoEditorTargetPlatform
[2018.08.16-16.05.13:537][  0]LogTemp: Display: Loaded TP MacServerTargetPlatform
[2018.08.16-16.05.13:549][  0]LogTemp: Display: Loaded TP MacTargetPlatform
[2018.08.16-16.05.13:560][  0]LogTemp: Display: Loaded TP WindowsClientTargetPlatform
[2018.08.16-16.05.13:575][  0]LogTemp: Display: Loaded TP WindowsNoEditorTargetPlatform
[2018.08.16-16.05.13:588][  0]LogTemp: Display: Loaded TP WindowsServerTargetPlatform
[2018.08.16-16.05.13:594][  0]LogTemp: Display: Loaded TP WindowsTargetPlatform
[2018.08.16-16.05.13:605][  0]LogTemp: Display: Loaded TP Android_ASTCTargetPlatform
[2018.08.16-16.05.13:618][  0]LogTemp: Display: Loaded TP Android_ATCTargetPlatform
[2018.08.16-16.05.13:629][  0]LogTemp: Display: Loaded TP Android_DXTTargetPlatform
[2018.08.16-16.05.13:643][  0]LogTemp: Display: Loaded TP Android_ETC1aTargetPlatform
[2018.08.16-16.05.13:655][  0]LogTemp: Display: Loaded TP Android_ETC1TargetPlatform
[2018.08.16-16.05.13:666][  0]LogTemp: Display: Loaded TP Android_ETC2TargetPlatform
[2018.08.16-16.05.13:689][  0]LogTemp: Display: Loaded TP Android_MultiTargetPlatform
[2018.08.16-16.05.13:689][  0]LogTemp: Display: Loaded TP Android_PVRTCTargetPlatform
[2018.08.16-16.05.13:701][  0]LogTemp: Display: Loaded TP AndroidTargetPlatform
[2018.08.16-16.05.13:702][  0]LogTemp: Display: Loaded TP HTML5TargetPlatform
[2018.08.16-16.05.13:737][  0]LogTemp: Display: Loaded TP IOSTargetPlatform
[2018.08.16-16.05.13:747][  0]LogTemp: Display: Loaded TP TVOSTargetPlatform
[2018.08.16-16.05.13:759][  0]LogTemp: Display: Loaded TP LinuxClientTargetPlatform
[2018.08.16-16.05.13:770][  0]LogTemp: Display: Loaded TP LinuxNoEditorTargetPlatform
[2018.08.16-16.05.13:781][  0]LogTemp: Display: Loaded TP LinuxServerTargetPlatform
[2018.08.16-16.05.13:793][  0]LogTemp: Display: Loaded TP LinuxTargetPlatform
[2018.08.16-16.05.13:793][  0]LogTargetPlatformManager: Display: Building Assets For Windows
[2018.08.16-16.05.13:878][  0]LogShaderCompilers: Display: Using XGE Shader Compiler (Interception Interface).
[2018.08.16-16.05.14:547][  0]LogDerivedDataCache: Display: Max Cache Size: 512 MB
[2018.08.16-16.05.14:623][  0]LogDerivedDataCache: Loaded boot cache 0.08s 74MB C:/Users/mattk_000/AppData/Local/UnrealEngine/4.19/DerivedDataCache/Boot.ddc.
[2018.08.16-16.05.14:623][  0]LogDerivedDataCache: Display: Loaded Boot cache: C:/Users/mattk_000/AppData/Local/UnrealEngine/4.19/DerivedDataCache/Boot.ddc
[2018.08.16-16.05.14:623][  0]LogDerivedDataCache: FDerivedDataBackendGraph:  Pak pak cache file ../../../../../../Sources/TimeLapsusPlugin/AdventurePluginDev/TimeLapsusDemo/TimeLapsusDemo/DerivedDataCache/DDC.ddp not found, will not use a pak cache.
[2018.08.16-16.05.14:623][  0]LogDerivedDataCache: Unable to find inner node Pak for hierarchical cache Hierarchy.
[2018.08.16-16.05.14:623][  0]LogDerivedDataCache: FDerivedDataBackendGraph:  CompressedPak pak cache file ../../../../../../Sources/TimeLapsusPlugin/AdventurePluginDev/TimeLapsusDemo/TimeLapsusDemo/DerivedDataCache/Compressed.ddp not found, will not use a pak cache.
[2018.08.16-16.05.14:623][  0]LogDerivedDataCache: Unable to find inner node CompressedPak for hierarchical cache Hierarchy.
[2018.08.16-16.05.14:638][  0]LogDerivedDataCache: Display: Pak cache opened for reading ../../../Engine/DerivedDataCache/Compressed.ddp.
[2018.08.16-16.05.14:650][  0]LogDerivedDataCache: Using Local data cache path C:/Users/mattk_000/AppData/Local/UnrealEngine/Common/DerivedDataCache: Writable
[2018.08.16-16.05.14:650][  0]LogDerivedDataCache: Shared data cache path not found in *engine.ini, will not use an Shared cache.
[2018.08.16-16.05.14:650][  0]LogDerivedDataCache: Unable to find inner node Shared for hierarchical cache Hierarchy.
[2018.08.16-16.05.14:661][  0]LogMaterial: Verifying Global Shaders for PCD3D_SM5
[2018.08.16-16.05.14:661][  0]LogSlate: Using Freetype 2.6.0
[2018.08.16-16.05.14:662][  0]LogSlate: SlateFontCache - WITH_FREETYPE: 1, WITH_HARFBUZZ: 1
[2018.08.16-16.05.14:662][  0]LogSlate: SlateFontCache - WITH_FREETYPE: 1, WITH_HARFBUZZ: 1
[2018.08.16-16.05.14:781][  0]LogAssetRegistry: FAssetRegistry took 0.0341 seconds to start up
[2018.08.16-16.05.15:097][  0]LogInit: Selected Device Profile: [Windows]
[2018.08.16-16.05.15:250][  0]LogSimplygon: Simplygon DLL not present - disabling.
[2018.08.16-16.05.15:252][  0]LogMeshReduction: Using SimplygonSwarm for distributed automatic mesh merging
[2018.08.16-16.05.15:252][  0]LogMeshReduction: Using QuadricMeshReduction for automatic static mesh reduction
[2018.08.16-16.05.15:252][  0]LogMeshReduction: No automatic skeletal mesh reduction module available
[2018.08.16-16.05.15:252][  0]LogMeshReduction: No automatic mesh merging module available
[2018.08.16-16.05.15:252][  0]LogMeshMerging: No automatic mesh merging module available
[2018.08.16-16.05.15:284][  0]LogNetVersion: TimeLapsusDemo , NetCL: 3944462, EngineNetVer: 2, GameNetVer: 0 (Checksum: 3405674930)
[2018.08.16-16.05.15:779][  0]LogPackageLocalizationCache: Processed 9 localized package path(s) for 2 prioritized culture(s) in 0.080913 seconds
[2018.08.16-16.05.15:785][  0]LogUObjectArray: 36728 objects as part of root set at end of initial load.
[2018.08.16-16.05.15:785][  0]LogUObjectAllocator: 7314304 out of 0 bytes used by permanent object pool.
[2018.08.16-16.05.15:785][  0]LogUObjectArray: CloseDisregardForGC: 0/0 objects in disregard for GC pool
[2018.08.16-16.05.17:283][  0]LogTcpMessaging: Initializing TcpMessaging bridge
[2018.08.16-16.05.17:306][  0]LogUdpMessaging: Initializing bridge on interface 0.0.0.0:0 to multicast group 230.0.0.1:6666.
[2018.08.16-16.05.17:566][  0]SourceControl: Source control is disabled
[2018.08.16-16.05.17:566][  0]SourceControl: Source control is disabled
[2018.08.16-16.05.17:578][  0]SourceControl: Source control is disabled
[2018.08.16-16.05.17:591][  0]SourceControl: Source control is disabled
[2018.08.16-16.05.17:945][  0]LogAndroidPermission: UAndroidPermissionCallbackProxy::GetInstance
[2018.08.16-16.05.18:063][  0]LogOcInput: OculusInput pre-init called
[2018.08.16-16.05.18:170][  0]LogEngine: Initializing Engine...
[2018.08.16-16.05.18:172][  0]LogHMD: Failed to initialize OpenVR with code 110
[2018.08.16-16.05.18:174][  0]LogStats: UGameplayTagsManager::ConstructGameplayTagTree: Construct from data asset -  0.000 s
[2018.08.16-16.05.18:174][  0]LogStats: UGameplayTagsManager::ConstructGameplayTagTree: GameplayTagTreeChangedEvent.Broadcast -  0.000 s
[2018.08.16-16.05.18:397][  0]LogAIModule: Creating AISystem for world Untitled
[2018.08.16-16.05.18:418][  0]LogInit: XAudio2 using 'Speakers (Realtek High Definition Audio)' : 2 channels at 48 kHz using 32 bits per sample (channel mask 0x3)
[2018.08.16-16.05.18:456][  0]LogInit: FAudioDevice initialized.
[2018.08.16-16.05.18:551][  0]LogDerivedDataCache: Saved boot cache 0.09s 74MB C:/Users/mattk_000/AppData/Local/UnrealEngine/4.19/DerivedDataCache/Boot.ddc.
[2018.08.16-16.05.18:571][  0]LogInit: Texture streaming: Enabled
[2018.08.16-16.05.18:584][  0]LogEngineSessionManager: EngineSessionManager initialized
[2018.08.16-16.05.18:598][  0]LogInit: Transaction tracking system initialized
[2018.08.16-16.05.18:614][  0]BlueprintLog: New page: Editor Load
[2018.08.16-16.05.18:670][  0]LocalizationService: Localization service is disabled
[2018.08.16-16.05.18:749][  0]LogConsoleResponse: Display: 
[2018.08.16-16.05.18:906][  0]LogCook: Display: Max memory allowance for cook 16384mb min free memory 0mb
[2018.08.16-16.05.18:906][  0]LogCook: Display: Mobile HDR setting 1
[2018.08.16-16.05.18:906][  0]LogGameplayTags: Display: UGameplayTagsManager::DoneAddingNativeTags. DelegateIsBound: 0
[2018.08.16-16.05.18:906][  0]LogStats: UGameplayTagsManager::ConstructGameplayTagTree: Construct from data asset -  0.000 s
[2018.08.16-16.05.18:906][  0]LogStats: UGameplayTagsManager::ConstructGameplayTagTree: GameplayTagTreeChangedEvent.Broadcast -  0.000 s
[2018.08.16-16.05.19:171][  0]LogFileCache: Scanning file cache for directory 'F:/Sources/TimeLapsusPlugin/AdventurePluginDev/TimeLapsusDemo/TimeLapsusDemo/Content/' took 0.01s
[2018.08.16-16.05.19:171][  0]SourceControl: Source control is disabled
[2018.08.16-16.05.19:171][  0]Cmd: MAP LOAD FILE="../../../Engine/Content/Maps/Templates/Template_Default.umap" TEMPLATE=1 SHOWPROGRESS=1 FEATURELEVEL=3
[2018.08.16-16.05.19:171][  0]LightingResults: New page: Lighting Build
[2018.08.16-16.05.19:173][  0]MapCheck: New page: Map Check
[2018.08.16-16.05.19:173][  0]LightingResults: New page: Lighting Build
[2018.08.16-16.05.19:360][  0]LogAIModule: Creating AISystem for world Untitled_1
[2018.08.16-16.05.19:365][  0]LogEditorServer: Finished looking for orphan Actors (0.000 secs)
[2018.08.16-16.05.19:379][  0]Cmd: MAP CHECKDEP NOCLEARLOG
[2018.08.16-16.05.19:419][  0]MapCheck: Map check complete: 0 Error(s), 0 Warning(s), took 39.7ms to complete.
[2018.08.16-16.05.19:419][  0]LogFileHelpers: Loading map 'Template_Default' took 0.248
[2018.08.16-16.05.19:615][  0]LogCollectionManager: Loaded 0 collections in 0.000947 seconds
[2018.08.16-16.05.19:683][  0]LogFileCache: Scanning file cache for directory 'F:/Sources/TimeLapsusPlugin/AdventurePluginDev/TimeLapsusDemo/TimeLapsusDemo/Saved/Collections/' took 0.01s
[2018.08.16-16.05.19:683][  0]LogFileCache: Scanning file cache for directory 'F:/Sources/TimeLapsusPlugin/AdventurePluginDev/TimeLapsusDemo/TimeLapsusDemo/Content/Developers/mattk000/Collections/' took 0.01s
[2018.08.16-16.05.19:683][  0]LogFileCache: Scanning file cache for directory 'F:/Sources/TimeLapsusPlugin/AdventurePluginDev/TimeLapsusDemo/TimeLapsusDemo/Content/Collections/' took 0.01s
[2018.08.16-16.05.19:683][  0]LogCollectionManager: Rebuilt the GUID cache for 0 collections in 0.000000 seconds
[2018.08.16-16.05.19:694][  0]LogContentBrowser: Native class hierarchy populated in 0.0092 seconds. Added 2452 classes and 558 folders.
[2018.08.16-16.05.19:704][  0]LogContentBrowser: Native class hierarchy updated for 'WidgetCarousel' in 0.0002 seconds. Added 0 classes and 0 folders.
[2018.08.16-16.05.20:224][  0]LogContentBrowser: Native class hierarchy updated for 'AddContentDialog' in 0.0002 seconds. Added 0 classes and 0 folders.
[2018.08.16-16.05.20:237][  0]LogContentBrowser: Native class hierarchy updated for 'SceneOutliner' in 0.0003 seconds. Added 1 classes and 2 folders.
[2018.08.16-16.05.20:414][  0]LogSlate: Took 0.000184 seconds to synchronously load lazily loaded font '../../../Engine/Content/Slate/Fonts/Roboto-Regular.ttf' (155K)
[2018.08.16-16.05.20:416][  0]LogSlate: Took 0.000242 seconds to synchronously load lazily loaded font '../../../Engine/Content/Slate/Fonts/Roboto-Bold.ttf' (160K)
[2018.08.16-16.05.20:430][  0]LogSlate: Took 0.008039 seconds to synchronously load lazily loaded font '../../../Engine/Content/Editor/Slate/Fonts/FontAwesome.ttf' (139K)
[2018.08.16-16.05.20:546][  0]LogRenderer: Reallocating scene render targets to support 1208x576 Format 10 NumSamples 1 (Frame:1).
[2018.08.16-16.05.20:696][  0]LogContentBrowser: Native class hierarchy updated for 'HierarchicalLODOutliner' in 0.0003 seconds. Added 0 classes and 0 folders.
[2018.08.16-16.05.20:696][  0]LogLoad: (Engine Initialization) Total time: 9.82 seconds
[2018.08.16-16.05.20:696][  0]LogLoad: (Engine Initialization) Total Blueprint compile time: 0.00 seconds
[2018.08.16-16.05.20:705][  0]LogWindowsTextInputMethodSystem: Display: IME system now deactivated.
[2018.08.16-16.05.20:727][  0]LogContentStreaming: Texture pool size now 1000 MB
[2018.08.16-16.05.20:782][  1]LogAssetRegistry: Asset discovery search completed in 6.0298 seconds
[2018.08.16-16.05.20:783][  1]LogCollectionManager: Rebuilt the object cache for 0 collections in 0.000000 seconds (found 0 objects)
[2018.08.16-16.05.20:783][  1]LogCollectionManager: Fixed up redirectors for 0 collections in 0.000105 seconds (updated 0 objects)
[2018.08.16-16.05.21:733][107]LogSlate: Took 0.006345 seconds to synchronously load lazily loaded font '../../../Engine/Content/Slate/Fonts/Roboto-Light.ttf' (167K)
[2018.08.16-16.05.24:775][469]LogSlate: Took 0.000170 seconds to synchronously load lazily loaded font '../../../Engine/Content/Slate/Fonts/Roboto-Light.ttf' (167K)
[2018.08.16-16.05.35:865][ 56]LogSlate: FSceneViewport::OnFocusLost() reason 0
[2018.08.16-16.05.37:535][156]LogUObjectGlobals: Created PersistentFrame Addr=0x000001ccc1e68d00, Size=116, Default__MainPlayerCharacter_C Function /Game/Characters/MainPlayerCharacter.MainPlayerCharacter_C:ExecuteUbergraph_MainPlayerCharacter
[2018.08.16-16.05.37:540][156]LogUObjectGlobals: Destroyed PersistentFrame Addr=0x000001ccc1e68d00, Size=116
[2018.08.16-16.05.37:540][156]LogUObjectGlobals: Created PersistentFrame Addr=0x000001ccc1e68d00, Size=116, Default__MainPlayerCharacter_C Function /Engine/Transient.REINST_MainPlayerCharacter_C_5:ExecuteUbergraph_MainPlayerCharacter
[2018.08.16-16.05.37:544][156]LogUObjectGlobals: Created PersistentFrame Addr=0x000001ccbd202080, Size=396, Default__MainPlayerCharacter_C Function /Game/Characters/MainPlayerCharacter.MainPlayerCharacter_C:ExecuteUbergraph_MainPlayerCharacter
[2018.08.16-16.05.38:879][156]LogContentBrowser: Native class hierarchy updated for 'BlueprintGraph' in 0.0006 seconds. Added 116 classes and 0 folders.
[2018.08.16-16.05.39:162][156]LogUObjectGlobals: Created PersistentFrame Addr=0x000001ccc2b3a808, Size=4, Default__SKEL_PROTO_BP_AnimBlueprint_0_C Function /Engine/Transient.SKEL_PROTO_BP_AnimBlueprint_0_C:ExecuteUbergraph_PROTO_BP_AnimBlueprint_0
[2018.08.16-16.05.39:163][156]LogUObjectGlobals: Created PersistentFrame Addr=0x000001ccc2b3a800, Size=4, Default__PROTO_BP_AnimBlueprint_0_C Function /Engine/Transient.PROTO_BP_AnimBlueprint_0_C:ExecuteUbergraph_PROTO_BP_AnimBlueprint_0
[2018.08.16-16.05.39:683][156]LogSlate: Took 0.007994 seconds to synchronously load lazily loaded font '../../../Engine/Content/Slate/Fonts/Roboto-BoldCondensed.ttf' (158K)
[2018.08.16-16.05.39:848][157]LogSlate: Took 0.004774 seconds to synchronously load lazily loaded font '../../../Engine/Content/Slate/Fonts/Roboto-Italic.ttf' (157K)
[2018.08.16-16.05.44:096][497]LogRenderer: Reallocating scene render targets to support 1208x900 Format 10 NumSamples 1 (Frame:1).
[2018.08.16-16.05.51:243][131]LogSlate: FSceneViewport::OnFocusLost() reason 0
[2018.08.16-16.06.02:701][197]LogEditorTransaction: Undo Set Scale
[2018.08.16-16.06.04:111][335]LogSlate: FSceneViewport::OnFocusLost() reason 0
[2018.08.16-16.07.53:539][238]LogSavePackage: Save=30.28ms
[2018.08.16-16.07.53:539][238]LogSavePackage: Moving '../../../../../../Sources/TimeLapsusPlugin/AdventurePluginDev/TimeLapsusDemo/TimeLapsusDemo/Saved/MainPlayerCharacter9AFDB195408E48111C59BBB7FC2E3CD4.tmp' to '../../../../../../Sources/TimeLapsusPlugin/AdventurePluginDev/TimeLapsusDemo/TimeLapsusDemo/Content/Characters/MainPlayerCharacter.uasset'
[2018.08.16-16.07.53:544][238]LogSavePackage: Display: Finished SavePackage ../../../../../../Sources/TimeLapsusPlugin/AdventurePluginDev/TimeLapsusDemo/TimeLapsusDemo/Content/Characters/MainPlayerCharacter.uasset
[2018.08.16-16.07.54:706][331]BlueprintLog: New page: Compile MainPlayerCharacter
[2018.08.16-16.07.54:720][331]LogUObjectGlobals: Destroyed PersistentFrame Addr=0x000001ccbd202080, Size=396
[2018.08.16-16.07.54:721][331]LogUObjectGlobals: Created PersistentFrame Addr=0x000001cd182433c0, Size=396, MainPlayerCharacter_C_1 Function /Engine/Transient.REINST_MainPlayerCharacter_C_21:ExecuteUbergraph_MainPlayerCharacter
[2018.08.16-16.07.54:724][331]LogUObjectGlobals: Created PersistentFrame Addr=0x000001cd1a316f40, Size=60, Default__MainPlayerCharacter_C Function /Game/Characters/MainPlayerCharacter.MainPlayerCharacter_C:ExecuteUbergraph_MainPlayerCharacter
[2018.08.16-16.07.54:930][331]LogUObjectGlobals: Destroyed PersistentFrame Addr=0x000001ccc1e68d00, Size=116
[2018.08.16-16.08.04:262][ 17]LogSlate: FSceneViewport::OnFocusLost() reason 0
[2018.08.16-16.08.06:327][170]LogUObjectGlobals: Created PersistentFrame Addr=0x000001cc9a2f1180, Size=336, Default__MainPlayerController_C Function /Game/Characters/MainPlayerController.MainPlayerController_C:ExecuteUbergraph_MainPlayerController
[2018.08.16-16.08.06:330][170]LogUObjectGlobals: Destroyed PersistentFrame Addr=0x000001cc9a2f1180, Size=336
[2018.08.16-16.08.06:330][170]LogUObjectGlobals: Created PersistentFrame Addr=0x000001cc9a2fca00, Size=336, Default__MainPlayerController_C Function /Engine/Transient.REINST_MainPlayerController_C_23:ExecuteUbergraph_MainPlayerController
[2018.08.16-16.08.06:333][170]LogUObjectGlobals: Created PersistentFrame Addr=0x000001cc9a318e80, Size=336, Default__MainPlayerController_C Function /Game/Characters/MainPlayerController.MainPlayerController_C:ExecuteUbergraph_MainPlayerController
[2018.08.16-16.08.06:693][170]LogAIModule: Creating AISystem for world Riverside_present
[2018.08.16-16.08.06:750][170]LogUObjectGlobals: Destroyed PersistentFrame Addr=0x000001cc9a2fca00, Size=336
[2018.08.16-16.08.06:753][170]Cmd: MAP LOAD FILE="../../../../../../Sources/TimeLapsusPlugin/AdventurePluginDev/TimeLapsusDemo/TimeLapsusDemo/Content/Levels/Riverside_present.umap" TEMPLATE=0 SHOWPROGRESS=1 FEATURELEVEL=3
[2018.08.16-16.08.06:753][170]LightingResults: New page: Lighting Build
[2018.08.16-16.08.06:754][170]LoadErrors: New page: Loading map: Riverside_present.umap
[2018.08.16-16.08.06:754][170]MapCheck: New page: Map Check
[2018.08.16-16.08.06:754][170]LightingResults: New page: Lighting Build
[2018.08.16-16.08.06:845][170]LogEditorServer: Finished looking for orphan Actors (0.000 secs)
[2018.08.16-16.08.06:895][170]Cmd: MAP CHECKDEP NOCLEARLOG
[2018.08.16-16.08.06:953][170]MapCheck: Map check complete: 0 Error(s), 0 Warning(s), took 57.413ms to complete.
[2018.08.16-16.08.06:955][170]LogFileHelpers: Loading map 'Riverside_present' took 0.203
[2018.08.16-16.08.08:937][336]LogTemp: Repeating last play command: Selected Viewport
[2018.08.16-16.08.08:958][336]LogPlayLevel: PlayLevel: No blueprints needed recompiling
[2018.08.16-16.08.08:958][336]PIE: New page: PIE session: Riverside_present (Aug 16, 2018, 8:08:08 PM)
[2018.08.16-16.08.08:959][336]LogPlayLevel: Creating play world package: /Game/Levels/UEDPIE_0_Riverside_present
[2018.08.16-16.08.08:961][336]LogPlayLevel: PIE: StaticDuplicateObject took: (0.002076s)
[2018.08.16-16.08.08:961][336]LogAIModule: Creating AISystem for world Riverside_present
[2018.08.16-16.08.08:962][336]LogPlayLevel: PIE: World Init took: (0.000828s)
[2018.08.16-16.08.08:962][336]LogPlayLevel: PIE: Created PIE world by copying editor world from /Game/Levels/Riverside_present.Riverside_present to /Game/Levels/UEDPIE_0_Riverside_present.Riverside_present (0.003410s)
[2018.08.16-16.08.08:988][336]LogInit: XAudio2 using 'Speakers (Realtek High Definition Audio)' : 2 channels at 48 kHz using 32 bits per sample (channel mask 0x3)
[2018.08.16-16.08.09:002][336]LogInit: FAudioDevice initialized.
[2018.08.16-16.08.09:044][336]LogLoad: Game class is 'AdventureGameMode_C'
[2018.08.16-16.08.09:047][336]LogWorld: Bringing World /Game/Levels/UEDPIE_0_Riverside_present.Riverside_present up for play (max tick rate 0) at 2018.08.16-18.08.09
[2018.08.16-16.08.09:047][336]LogWorld: Bringing up level for play took: 0.000814
[2018.08.16-16.08.09:053][336]LogContentBrowser: Native class hierarchy updated for 'MovieSceneCapture' in 0.0003 seconds. Added 11 classes and 0 folders.
[2018.08.16-16.08.09:058][336]PIE: Play in editor start time for /Game/Levels/UEDPIE_0_Riverside_present 0.148
[2018.08.16-16.08.09:860][399]LogBlueprintUserMessages: [MainPlayerController_C_0] Detected mouse click
[2018.08.16-16.08.09:861][399]LogBlueprintUserMessages: [MainPlayerController_C_0] X=-915.208 Y=1061.748 Z=0.000
[2018.08.16-16.08.10:841][483]LogBlueprintUserMessages: [MainPlayerController_C_0] Detected mouse click
[2018.08.16-16.08.10:841][483]LogBlueprintUserMessages: [MainPlayerController_C_0] X=-1745.060 Y=1014.348 Z=0.000
[2018.08.16-16.08.12:583][632]LogBlueprintUserMessages: [MainPlayerController_C_0] Detected mouse click
[2018.08.16-16.08.12:583][632]LogBlueprintUserMessages: [MainPlayerController_C_0] X=-910.466 Y=1080.708 Z=0.000
[2018.08.16-16.08.14:175][767]LogBlueprintUserMessages: [MainPlayerController_C_0] Detected mouse click
[2018.08.16-16.08.14:175][767]LogBlueprintUserMessages: [MainPlayerController_C_0] X=-1963.193 Y=710.992 Z=0.000
[2018.08.16-16.08.15:797][909]LogBlueprintUserMessages: [MainPlayerController_C_0] Detected mouse click
[2018.08.16-16.08.15:797][909]LogBlueprintUserMessages: [MainPlayerController_C_0] X=-2214.519 Y=1241.866 Z=0.000
[2018.08.16-16.08.16:719][988]LogBlueprintUserMessages: [MainPlayerController_C_0] Detected mouse click
[2018.08.16-16.08.16:719][988]LogBlueprintUserMessages: [MainPlayerController_C_0] X=-1304.053 Y=748.911 Z=0.000
[2018.08.16-16.08.17:577][ 63]LogBlueprintUserMessages: [MainPlayerController_C_0] Detected mouse click
[2018.08.16-16.08.17:577][ 63]LogBlueprintUserMessages: [MainPlayerController_C_0] X=-1090.663 Y=696.772 Z=0.000
[2018.08.16-16.08.18:134][110]LogBlueprintUserMessages: [MainPlayerController_C_0] Detected mouse click
[2018.08.16-16.08.18:134][110]LogBlueprintUserMessages: [MainPlayerController_C_0] X=-986.338 Y=1270.305 Z=0.000
[2018.08.16-16.08.19:019][184]LogBlueprintUserMessages: [MainPlayerController_C_0] Detected mouse click
[2018.08.16-16.08.19:019][184]LogBlueprintUserMessages: [MainPlayerController_C_0] X=-2005.871 Y=545.094 Z=0.000
[2018.08.16-16.08.20:562][316]LogBlueprintUserMessages: [MainPlayerController_C_0] Detected mouse click
[2018.08.16-16.08.20:563][316]LogBlueprintUserMessages: [MainPlayerController_C_0] X=-1033.758 Y=933.769 Z=0.000
[2018.08.16-16.08.21:858][427]LogBlueprintUserMessages: [MainPlayerController_C_0] Detected mouse click
[2018.08.16-16.08.21:858][427]LogBlueprintUserMessages: [MainPlayerController_C_0] X=-2067.517 Y=1151.807 Z=0.000
[2018.08.16-16.08.23:225][547]LogBlueprintUserMessages: [MainPlayerController_C_0] Detected mouse click
[2018.08.16-16.08.23:226][547]LogBlueprintUserMessages: [MainPlayerController_C_0] X=-995.822 Y=658.852 Z=0.000
[2018.08.16-16.08.24:010][612]LogBlueprintUserMessages: [MainPlayerController_C_0] Detected mouse click
[2018.08.16-16.08.24:010][612]LogBlueprintUserMessages: [MainPlayerController_C_0] X=-2186.067 Y=564.054 Z=0.000
[2018.08.16-16.08.24:706][672]LogBlueprintUserMessages: [MainPlayerController_C_0] Detected mouse click
[2018.08.16-16.08.24:706][672]LogBlueprintUserMessages: [MainPlayerController_C_0] X=-934.176 Y=1199.206 Z=0.000
[2018.08.16-16.08.25:597][748]LogBlueprintUserMessages: [MainPlayerController_C_0] Detected mouse click
[2018.08.16-16.08.25:597][748]LogBlueprintUserMessages: [MainPlayerController_C_0] X=-2086.485 Y=981.169 Z=0.000
[2018.08.16-16.08.29:679][105]LogBlueprintUserMessages: [MainPlayerController_C_0] Detected mouse click
[2018.08.16-16.08.29:679][105]LogBlueprintUserMessages: [MainPlayerController_C_0] X=-1612.284 Y=1227.646 Z=0.000
[2018.08.16-16.08.31:415][252]LogBlueprintUserMessages: [MainPlayerController_C_0] Detected mouse click
[2018.08.16-16.08.31:415][252]LogBlueprintUserMessages: [MainPlayerController_C_0] X=-1911.031 Y=1118.627 Z=0.000
[2018.08.16-16.08.32:809][373]LogBlueprintUserMessages: [MainPlayerController_C_0] Detected mouse click
[2018.08.16-16.08.32:809][373]LogBlueprintUserMessages: [MainPlayerController_C_0] X=-834.594 Y=952.729 Z=0.000
[2018.08.16-16.08.42:596][227]LogSlate: FSceneViewport::OnFocusLost() reason 0
[2018.08.16-16.08.43:251][275]LogTemp: Repeating last play command: Selected Viewport
[2018.08.16-16.08.43:272][275]LogPlayLevel: PlayLevel: No blueprints needed recompiling
[2018.08.16-16.08.43:272][275]PIE: New page: PIE session: Riverside_present (Aug 16, 2018, 8:08:43 PM)
[2018.08.16-16.08.43:272][275]LogPlayLevel: Creating play world package: /Game/Levels/UEDPIE_0_Riverside_present
[2018.08.16-16.08.43:274][275]LogPlayLevel: PIE: StaticDuplicateObject took: (0.001723s)
[2018.08.16-16.08.43:274][275]LogAIModule: Creating AISystem for world Riverside_present
[2018.08.16-16.08.43:275][275]LogPlayLevel: PIE: World Init took: (0.000906s)
[2018.08.16-16.08.43:275][275]LogPlayLevel: PIE: Created PIE world by copying editor world from /Game/Levels/Riverside_present.Riverside_present to /Game/Levels/UEDPIE_0_Riverside_present.Riverside_present (0.002879s)
[2018.08.16-16.08.43:300][275]LogInit: XAudio2 using 'Speakers (Realtek High Definition Audio)' : 2 channels at 48 kHz using 32 bits per sample (channel mask 0x3)
[2018.08.16-16.08.43:313][275]LogInit: FAudioDevice initialized.
[2018.08.16-16.08.43:346][275]LogLoad: Game class is 'AdventureGameMode_C'
[2018.08.16-16.08.43:347][275]LogWorld: Bringing World /Game/Levels/UEDPIE_0_Riverside_present.Riverside_present up for play (max tick rate 0) at 2018.08.16-18.08.43
[2018.08.16-16.08.43:347][275]LogWorld: Bringing up level for play took: 0.000544
[2018.08.16-16.08.43:349][275]PIE: Play in editor start time for /Game/Levels/UEDPIE_0_Riverside_present 0.44
[2018.08.16-16.08.46:385][481]MapCheck: New page: Map Check
[2018.08.16-16.08.46:404][481]Cmd: MAP CHECK DONTDISPLAYDIALOG
[2018.08.16-16.08.46:405][481]MapCheck: New page: Riverside_present - Aug 16, 2018, 8:08:46 PM
[2018.08.16-16.08.46:459][481]MapCheck: Map check complete: 0 Error(s), 0 Warning(s), took 54.24ms to complete.
[2018.08.16-16.08.46:481][481]LogEditorBuildUtils: Build time 0:00
[2018.08.16-16.08.52:289][930]Cmd: EDIT COPY
[2018.08.16-16.08.53:311][  7]Cmd: EDIT PASTE
[2018.08.16-16.09.16:297][721]Cmd: EDIT COPY
[2018.08.16-16.09.16:713][752]Cmd: EDIT PASTE
[2018.08.16-16.09.29:669][691]LogSlate: FSceneViewport::OnFocusLost() reason 2
[2018.08.16-16.09.29:727][691]LogSavePackage: Save=17.18ms
[2018.08.16-16.09.29:727][691]LogSavePackage: Moving '../../../../../../Sources/TimeLapsusPlugin/AdventurePluginDev/TimeLapsusDemo/TimeLapsusDemo/Saved/Riverside_presentD318003F435EF9ABD42B4AA7B088C139.tmp' to '../../../../../../Sources/TimeLapsusPlugin/AdventurePluginDev/TimeLapsusDemo/TimeLapsusDemo/Content/Levels/Riverside_present.umap'
[2018.08.16-16.09.29:729][691]LogSavePackage: Display: Finished SavePackage ../../../../../../Sources/TimeLapsusPlugin/AdventurePluginDev/TimeLapsusDemo/TimeLapsusDemo/Content/Levels/Riverside_present.umap
[2018.08.16-16.09.29:774][691]LogSavePackage: Save=5.01ms
[2018.08.16-16.09.29:774][691]LogSavePackage: Moving '../../../../../../Sources/TimeLapsusPlugin/AdventurePluginDev/TimeLapsusDemo/TimeLapsusDemo/Saved/Riverside_present_BuiltData4DC8B7B34A0F0EEDDC19B4963434544F.tmp' to '../../../../../../Sources/TimeLapsusPlugin/AdventurePluginDev/TimeLapsusDemo/TimeLapsusDemo/Content/Levels/Riverside_present_BuiltData.uasset'
[2018.08.16-16.09.29:775][691]LogSavePackage: Display: Finished SavePackage ../../../../../../Sources/TimeLapsusPlugin/AdventurePluginDev/TimeLapsusDemo/TimeLapsusDemo/Content/Levels/Riverside_present_BuiltData.uasset
[2018.08.16-16.09.33:061][896]MapCheck: New page: Map Check
[2018.08.16-16.09.33:090][896]Cmd: MAP CHECK DONTDISPLAYDIALOG
[2018.08.16-16.09.33:090][896]MapCheck: New page: Riverside_present - Aug 16, 2018, 8:09:33 PM
[2018.08.16-16.09.33:145][896]MapCheck: Map check complete: 0 Error(s), 0 Warning(s), took 55.136ms to complete.
[2018.08.16-16.09.33:168][896]LogEditorBuildUtils: Build time 0:00
[2018.08.16-16.09.34:007][948]LogTemp: Repeating last play command: Selected Viewport
[2018.08.16-16.09.34:027][948]LogPlayLevel: PlayLevel: No blueprints needed recompiling
[2018.08.16-16.09.34:027][948]PIE: New page: PIE session: Riverside_present (Aug 16, 2018, 8:09:34 PM)
[2018.08.16-16.09.34:027][948]LogPlayLevel: Creating play world package: /Game/Levels/UEDPIE_0_Riverside_present
[2018.08.16-16.09.34:029][948]LogPlayLevel: PIE: StaticDuplicateObject took: (0.001919s)
[2018.08.16-16.09.34:030][948]LogAIModule: Creating AISystem for world Riverside_present
[2018.08.16-16.09.34:030][948]LogPlayLevel: PIE: World Init took: (0.000747s)
[2018.08.16-16.09.34:030][948]LogPlayLevel: PIE: Created PIE world by copying editor world from /Game/Levels/Riverside_present.Riverside_present to /Game/Levels/UEDPIE_0_Riverside_present.Riverside_present (0.002874s)
[2018.08.16-16.09.34:056][948]LogInit: XAudio2 using 'Speakers (Realtek High Definition Audio)' : 2 channels at 48 kHz using 32 bits per sample (channel mask 0x3)
[2018.08.16-16.09.34:068][948]LogInit: FAudioDevice initialized.
[2018.08.16-16.09.34:100][948]LogLoad: Game class is 'AdventureGameMode_C'
[2018.08.16-16.09.34:101][948]LogWorld: Bringing World /Game/Levels/UEDPIE_0_Riverside_present.Riverside_present up for play (max tick rate 0) at 2018.08.16-18.09.34
[2018.08.16-16.09.34:101][948]LogWorld: Bringing up level for play took: 0.000564
[2018.08.16-16.09.34:103][948]PIE: Play in editor start time for /Game/Levels/UEDPIE_0_Riverside_present -0.806
[2018.08.16-16.09.34:954][ 17]LogBlueprintUserMessages: [MainPlayerController_C_0] Detected mouse click
[2018.08.16-16.09.34:955][ 17]LogBlueprintUserMessages: [MainPlayerController_C_0] X=213.390 Y=-417.115 Z=0.000
[2018.08.16-16.09.39:223][374]LogBlueprintUserMessages: [MainPlayerController_C_0] Detected mouse click
[2018.08.16-16.09.39:223][374]LogBlueprintUserMessages: [MainPlayerController_C_0] X=-2366.264 Y=478.735 Z=0.000
[2018.08.16-16.09.45:339][901]LogSlate: FSceneViewport::OnFocusLost() reason 0
[2018.08.16-16.09.46:318][977]LogEditorViewport: Clicking on Actor (LMB): PaperSpriteActor (Riverside_present_background)
[2018.08.16-16.09.58:673][889]LogEditorViewport: Clicking on Actor (LMB): PaperSpriteActor (Riverside_present_background)
[2018.08.16-16.09.59:781][971]LogSlate: FSceneViewport::OnFocusLost() reason 0
[2018.08.16-16.10.19:362][312]LogSlate: FSceneViewport::OnFocusLost() reason 0
[2018.08.16-16.10.35:980][533]LogEditorViewport: Clicking on Actor (LMB): PaperSpriteActor (Riverside_present_background)
[2018.08.16-16.10.39:522][788]LogSlate: FSceneViewport::OnFocusLost() reason 0
[2018.08.16-16.10.45:517][196]Cmd: TRANSACTION UNDO
[2018.08.16-16.10.45:517][196]LogEditorTransaction: Undo Scale Actors
[2018.08.16-16.10.46:685][271]LogSlate: FSceneViewport::OnFocusLost() reason 0
[2018.08.16-16.10.57:898][934]LogSlate: FSceneViewport::OnFocusLost() reason 0
[2018.08.16-16.11.11:821][947]LogSlate: FSceneViewport::OnFocusLost() reason 0
[2018.08.16-16.11.11:927][955]LogTemp: Repeating last play command: Selected Viewport
[2018.08.16-16.11.11:947][955]LogPlayLevel: PlayLevel: No blueprints needed recompiling
[2018.08.16-16.11.11:947][955]PIE: New page: PIE session: Riverside_present (Aug 16, 2018, 8:11:11 PM)
[2018.08.16-16.11.11:947][955]LogPlayLevel: Creating play world package: /Game/Levels/UEDPIE_0_Riverside_present
[2018.08.16-16.11.11:949][955]LogPlayLevel: PIE: StaticDuplicateObject took: (0.001538s)
[2018.08.16-16.11.11:950][955]LogAIModule: Creating AISystem for world Riverside_present
[2018.08.16-16.11.11:950][955]LogPlayLevel: PIE: World Init took: (0.000641s)
[2018.08.16-16.11.11:950][955]LogPlayLevel: PIE: Created PIE world by copying editor world from /Game/Levels/Riverside_present.Riverside_present to /Game/Levels/UEDPIE_0_Riverside_present.Riverside_present (0.002336s)
[2018.08.16-16.11.11:974][955]LogInit: XAudio2 using 'Speakers (Realtek High Definition Audio)' : 2 channels at 48 kHz using 32 bits per sample (channel mask 0x3)
[2018.08.16-16.11.11:987][955]LogInit: FAudioDevice initialized.
[2018.08.16-16.11.12:019][955]LogLoad: Game class is 'AdventureGameMode_C'
[2018.08.16-16.11.12:020][955]LogWorld: Bringing World /Game/Levels/UEDPIE_0_Riverside_present.Riverside_present up for play (max tick rate 0) at 2018.08.16-18.11.12
[2018.08.16-16.11.12:021][955]LogWorld: Bringing up level for play took: 0.000578
[2018.08.16-16.11.12:022][955]PIE: Play in editor start time for /Game/Levels/UEDPIE_0_Riverside_present -0.887
[2018.08.16-16.11.13:039][ 38]LogBlueprintUserMessages: [MainPlayerController_C_0] Detected mouse click
[2018.08.16-16.11.13:040][ 38]LogBlueprintUserMessages: [MainPlayerController_C_0] X=-2252.455 Y=279.657 Z=0.000
[2018.08.16-16.11.15:328][240]LogBlueprintUserMessages: [MainPlayerController_C_0] Detected mouse click
[2018.08.16-16.11.15:328][240]LogBlueprintUserMessages: [MainPlayerController_C_0] X=616.462 Y=-104.279 Z=0.000
[2018.08.16-16.11.23:172][944]LogBlueprintUserMessages: [MainPlayerController_C_0] Detected mouse click
[2018.08.16-16.11.23:172][944]LogBlueprintUserMessages: [MainPlayerController_C_0] X=-1285.085 Y=1038.048 Z=0.000
[2018.08.16-16.11.26:796][261]LogSlate: FSceneViewport::OnFocusLost() reason 0
[2018.08.16-16.11.27:765][336]LogEditorViewport: Clicking on Actor (LMB): PaperSpriteActor (Riverside_present_background)
[2018.08.16-16.11.29:257][440]LogSlate: FSceneViewport::OnFocusLost() reason 0
[2018.08.16-16.11.30:111][501]Cmd: DELETE
[2018.08.16-16.11.30:111][501]Cmd: ACTOR DELETE
[2018.08.16-16.11.30:115][501]LogEditorActor: Deleted Actor: StaticMeshActor
[2018.08.16-16.11.30:133][501]LogEditorActor: Deleted 1 Actors (0.022 secs)
[2018.08.16-16.11.30:576][537]Cmd: DELETE
[2018.08.16-16.11.30:576][537]Cmd: ACTOR DELETE
[2018.08.16-16.11.30:577][537]LogEditorActor: Deleted Actor: StaticMeshActor
[2018.08.16-16.11.30:595][537]LogEditorActor: Deleted 1 Actors (0.018 secs)
[2018.08.16-16.11.35:497][940]LogSavePackage: Save=16.09ms
[2018.08.16-16.11.35:497][940]LogSavePackage: Moving '../../../../../../Sources/TimeLapsusPlugin/AdventurePluginDev/TimeLapsusDemo/TimeLapsusDemo/Saved/Riverside_presentBE8BBEC74543525D138CCBAF1AC4D2CD.tmp' to '../../../../../../Sources/TimeLapsusPlugin/AdventurePluginDev/TimeLapsusDemo/TimeLapsusDemo/Content/Levels/Riverside_present.umap'
[2018.08.16-16.11.35:499][940]LogSavePackage: Display: Finished SavePackage ../../../../../../Sources/TimeLapsusPlugin/AdventurePluginDev/TimeLapsusDemo/TimeLapsusDemo/Content/Levels/Riverside_present.umap
[2018.08.16-16.11.35:538][940]LogSavePackage: Save=4.53ms
[2018.08.16-16.11.35:538][940]LogSavePackage: Moving '../../../../../../Sources/TimeLapsusPlugin/AdventurePluginDev/TimeLapsusDemo/TimeLapsusDemo/Saved/Riverside_present_BuiltData7DA0444D45487D494F5BEE9DA35A37A3.tmp' to '../../../../../../Sources/TimeLapsusPlugin/AdventurePluginDev/TimeLapsusDemo/TimeLapsusDemo/Content/Levels/Riverside_present_BuiltData.uasset'
[2018.08.16-16.11.35:539][940]LogSavePackage: Display: Finished SavePackage ../../../../../../Sources/TimeLapsusPlugin/AdventurePluginDev/TimeLapsusDemo/TimeLapsusDemo/Content/Levels/Riverside_present_BuiltData.uasset
[2018.08.16-16.14.20:044][284]LogSavePackage: Save=27.54ms
[2018.08.16-16.14.20:044][284]LogSavePackage: Moving '../../../../../../Sources/TimeLapsusPlugin/AdventurePluginDev/TimeLapsusDemo/TimeLapsusDemo/Saved/MainPlayerCharacter96E93D5A46200F893D63998A536C3FDA.tmp' to '../../../../../../Sources/TimeLapsusPlugin/AdventurePluginDev/TimeLapsusDemo/TimeLapsusDemo/Content/Characters/MainPlayerCharacter.uasset'
[2018.08.16-16.14.20:046][284]LogSavePackage: Display: Finished SavePackage ../../../../../../Sources/TimeLapsusPlugin/AdventurePluginDev/TimeLapsusDemo/TimeLapsusDemo/Content/Characters/MainPlayerCharacter.uasset
[2018.08.16-16.15.01:074][ 66]LogUObjectGlobals: Created PersistentFrame Addr=0x000001cd3ed098b0, Size=4, Default__SKEL_AdventureGameMode_C Function /Game/GenericBlueprints/AdventureGameMode.SKEL_AdventureGameMode_C:ExecuteUbergraph_AdventureGameMode
[2018.08.16-16.15.05:042][470]LogUObjectGlobals: Destroyed PersistentFrame Addr=0x000001cd3ed098b0, Size=4
[2018.08.16-16.15.05:042][470]LogUObjectGlobals: Created PersistentFrame Addr=0x000001cd3b376f20, Size=4, Default__SKEL_AdventureGameMode_C Function /Engine/Transient.REINST_SKEL_AdventureGameMode_C_29:ExecuteUbergraph_AdventureGameMode
[2018.08.16-16.21.35:528][593]LogUObjectGlobals: Destroyed PersistentFrame Addr=0x000001cd3b376f20, Size=4
[2018.08.16-16.21.35:530][593]LogFileHelpers: Editor autosave (incl. sublevels) for '/Game/Levels/Riverside_present' took 0.025
[2018.08.16-16.21.35:532][593]OBJ SavePackage: Generating thumbnails for [0] asset(s) in package [/Game/GenericBlueprints/AdventureGameMode] ([1] browsable assets)...
[2018.08.16-16.21.35:532][593]OBJ SavePackage: Finished generating thumbnails for package [/Game/GenericBlueprints/AdventureGameMode]
[2018.08.16-16.21.35:549][593]LogSavePackage: Save=8.60ms
[2018.08.16-16.21.35:549][593]LogSavePackage: Moving '../../../../../../Sources/TimeLapsusPlugin/AdventurePluginDev/TimeLapsusDemo/TimeLapsusDemo/Saved/AdventureGameMode_Auto1EECEB20741DD45B3AA45C3A93EBDB932.tmp' to '../../../../../../Sources/TimeLapsusPlugin/AdventurePluginDev/TimeLapsusDemo/TimeLapsusDemo/Saved/Autosaves/Game/GenericBlueprints/AdventureGameMode_Auto1.uasset'
[2018.08.16-16.21.35:550][593]LogSavePackage: Display: Finished SavePackage ../../../../../../Sources/TimeLapsusPlugin/AdventurePluginDev/TimeLapsusDemo/TimeLapsusDemo/Saved/Autosaves/Game/GenericBlueprints/AdventureGameMode_Auto1.uasset
[2018.08.16-16.21.35:550][593]LogFileHelpers: Auto-saving content packages took 0.019
[2018.08.16-16.29.53:752][478]LogSlate: Window 'Save Content' being destroyed
[2018.08.16-16.29.53:797][478]LogSavePackage: Save=9.38ms
[2018.08.16-16.29.53:797][478]LogSavePackage: Moving '../../../../../../Sources/TimeLapsusPlugin/AdventurePluginDev/TimeLapsusDemo/TimeLapsusDemo/Saved/AdventureGameMode403296D04C031BBA811015BFBEAD11E3.tmp' to '../../../../../../Sources/TimeLapsusPlugin/AdventurePluginDev/TimeLapsusDemo/TimeLapsusDemo/Content/GenericBlueprints/AdventureGameMode.uasset'
[2018.08.16-16.29.53:799][478]LogSavePackage: Display: Finished SavePackage ../../../../../../Sources/TimeLapsusPlugin/AdventurePluginDev/TimeLapsusDemo/TimeLapsusDemo/Content/GenericBlueprints/AdventureGameMode.uasset
[2018.08.16-16.29.53:955][478]LogSlate: Window 'AdventureGameMode' being destroyed
[2018.08.16-16.29.53:960][478]LogActorComponent: UnregisterComponent: (/Engine/Transient.EditorFloorComp) Not registered. Aborting.
[2018.08.16-16.29.54:016][478]LogSlate: Window 'TimeLapsusDemo - Unreal Editor' being destroyed
[2018.08.16-16.29.54:017][478]LogWindowsTextInputMethodSystem: Display: IME system now deactivated.
[2018.08.16-16.29.54:209][479]Cmd: QUIT_EDITOR
[2018.08.16-16.29.54:366][479]LogSlate: Slate User Destroyed.  User Index 0, Is Virtual User: 0
[2018.08.16-16.29.54:366][479]LogExit: Preparing to exit.
[2018.08.16-16.29.55:031][479]LogDirectoryWatcher: A directory notification for 'F:/Sources/TimeLapsusPlugin/AdventurePluginDev/TimeLapsusDemo/TimeLapsusDemo/Content/' was aborted.
[2018.08.16-16.29.55:067][479]LogExit: Editor shut down
[2018.08.16-16.29.55:075][479]LogExit: Transaction tracking system shut down
[2018.08.16-16.29.55:077][479]LogUObjectGlobals: Destroyed PersistentFrame Addr=0x000001cd182433c0, Size=396
[2018.08.16-16.29.55:124][479]LogUObjectGlobals: Destroyed PersistentFrame Addr=0x000001cc9a318e80, Size=336
[2018.08.16-16.29.55:126][479]LogUObjectGlobals: Destroyed PersistentFrame Addr=0x000001ccc2b3a808, Size=4
[2018.08.16-16.29.55:126][479]LogUObjectGlobals: Destroyed PersistentFrame Addr=0x000001ccc2b3a800, Size=4
[2018.08.16-16.29.55:128][479]LogUObjectGlobals: Destroyed PersistentFrame Addr=0x000001cd1a316f40, Size=60
[2018.08.16-16.29.55:319][479]LogDirectoryWatcher: A directory notification for '../../../Engine/Content/' was aborted.
[2018.08.16-16.29.55:319][479]LogDirectoryWatcher: A directory notification for '../../../../../../Sources/TimeLapsusPlugin/AdventurePluginDev/TimeLapsusDemo/TimeLapsusDemo/Content/' was aborted.
[2018.08.16-16.29.55:319][479]LogDirectoryWatcher: A directory notification for '../../Plugins/2D/Paper2D/Content/' was aborted.
[2018.08.16-16.29.55:319][479]LogDirectoryWatcher: A directory notification for '../../Plugins/Enterprise/DatasmithContent/Content/' was aborted.
[2018.08.16-16.29.55:319][479]LogDirectoryWatcher: A directory notification for '../../Plugins/Media/MediaCompositing/Content/' was aborted.
[2018.08.16-16.29.55:319][479]LogDirectoryWatcher: A directory notification for '../../Plugins/Runtime/AppleARKit/Content/' was aborted.
[2018.08.16-16.29.55:319][479]LogDirectoryWatcher: A directory notification for '../../Plugins/Runtime/Oculus/OculusVR/Content/' was aborted.
[2018.08.16-16.29.55:319][479]LogDirectoryWatcher: A directory notification for '../../Plugins/Runtime/Steam/SteamVR/Content/' was aborted.
[2018.08.16-16.29.55:424][479]LogExit: Object subsystem successfully closed.
[2018.08.16-16.29.55:441][479]LogShaderCompilers: Display: Shaders left to compile 0
[2018.08.16-16.29.55:444][479]LogD3D11RHI: Shutdown
[2018.08.16-16.29.55:445][479]LogD3D11RHI: CleanupD3DDevice
[2018.08.16-16.29.55:448][479]LogD3D11RHI: ~FD3D11DynamicRHI
[2018.08.16-16.29.55:457][479]LogModuleManager: Shutting down and abandoning module MovieSceneCapture (580)
[2018.08.16-16.29.55:457][479]LogModuleManager: Shutting down and abandoning module BlueprintGraph (578)
[2018.08.16-16.29.55:457][479]LogModuleManager: Shutting down and abandoning module HierarchicalLODOutliner (576)
[2018.08.16-16.29.55:457][479]LogModuleManager: Shutting down and abandoning module SceneOutliner (574)
[2018.08.16-16.29.55:457][479]LogModuleManager: Shutting down and abandoning module AddContentDialog (572)
[2018.08.16-16.29.55:481][479]LogDirectoryWatcher: A directory notification for 'F:/Program Files/Epic Games/UE_4.19/FeaturePacks/' was aborted.
[2018.08.16-16.29.55:482][479]LogModuleManager: Shutting down and abandoning module WidgetCarousel (571)
[2018.08.16-16.29.55:482][479]LogModuleManager: Shutting down and abandoning module EditorWidgets (568)
[2018.08.16-16.29.55:482][479]LogModuleManager: Shutting down and abandoning module CollectionManager (566)
[2018.08.16-16.29.55:482][479]LogDirectoryWatcher: A directory notification for 'F:/Sources/TimeLapsusPlugin/AdventurePluginDev/TimeLapsusDemo/TimeLapsusDemo/Content/Collections/' was aborted.
[2018.08.16-16.29.55:482][479]LogDirectoryWatcher: A directory notification for 'F:/Sources/TimeLapsusPlugin/AdventurePluginDev/TimeLapsusDemo/TimeLapsusDemo/Content/Developers/mattk000/Collections/' was aborted.
[2018.08.16-16.29.55:482][479]LogDirectoryWatcher: A directory notification for 'F:/Sources/TimeLapsusPlugin/AdventurePluginDev/TimeLapsusDemo/TimeLapsusDemo/Saved/Collections/' was aborted.
[2018.08.16-16.29.55:482][479]LogModuleManager: Shutting down and abandoning module HierarchicalLODUtilities (564)
[2018.08.16-16.29.55:483][479]LogModuleManager: Shutting down and abandoning module StatsViewer (562)
[2018.08.16-16.29.55:483][479]LogModuleManager: Shutting down and abandoning module FoliageEdit (560)
[2018.08.16-16.29.55:483][479]LogModuleManager: Shutting down and abandoning module LandscapeEditor (558)
[2018.08.16-16.29.55:483][479]LogModuleManager: Shutting down and abandoning module MeshPaintMode (556)
[2018.08.16-16.29.55:483][479]LogModuleManager: Shutting down and abandoning module SceneDepthPickerMode (554)
[2018.08.16-16.29.55:483][479]LogModuleManager: Shutting down and abandoning module ActorPickerMode (552)
[2018.08.16-16.29.55:483][479]LogModuleManager: Shutting down and abandoning module GeometryMode (550)
[2018.08.16-16.29.55:483][479]LogModuleManager: Shutting down and abandoning module TextureAlignMode (548)
[2018.08.16-16.29.55:483][479]LogModuleManager: Shutting down and abandoning module BspMode (546)
[2018.08.16-16.29.55:483][479]LogModuleManager: Shutting down and abandoning module PIEPreviewDeviceProfileSelector (544)
[2018.08.16-16.29.55:483][479]LogModuleManager: Shutting down and abandoning module HardwareSurvey (542)
[2018.08.16-16.29.55:483][479]LogModuleManager: Shutting down and abandoning module SequenceRecorderSections (540)
[2018.08.16-16.29.55:483][479]LogModuleManager: Shutting down and abandoning module AutomationWorker (538)
[2018.08.16-16.29.55:483][479]LogModuleManager: Shutting down and abandoning module AudioCaptureEditor (536)
[2018.08.16-16.29.55:483][479]LogModuleManager: Shutting down and abandoning module SequenceRecorder (535)
[2018.08.16-16.29.55:483][479]LogModuleManager: Shutting down and abandoning module MatineeToLevelSequence (532)
[2018.08.16-16.29.55:483][479]LogModuleManager: Shutting down and abandoning module LevelSequenceEditor (530)
[2018.08.16-16.29.55:483][479]LogModuleManager: Shutting down and abandoning module PlacementMode (529)
[2018.08.16-16.29.55:483][479]LogModuleManager: Shutting down and abandoning module MaterialEditor (528)
[2018.08.16-16.29.55:483][479]LogModuleManager: Shutting down and abandoning module WmfMediaFactory (524)
[2018.08.16-16.29.55:483][479]LogModuleManager: Shutting down and abandoning module WmfMediaEditor (522)
[2018.08.16-16.29.55:483][479]LogModuleManager: Shutting down and abandoning module MediaPlayerEditor (520)
[2018.08.16-16.29.55:483][479]LogModuleManager: Shutting down and abandoning module OpenExrWrapper (518)
[2018.08.16-16.29.55:483][479]LogModuleManager: Shutting down and abandoning module ImgMediaFactory (516)
[2018.08.16-16.29.55:483][479]LogModuleManager: Shutting down and abandoning module ImgMediaEditor (514)
[2018.08.16-16.29.55:483][479]LogModuleManager: Shutting down and abandoning module AvfMediaFactory (512)
[2018.08.16-16.29.55:483][479]LogModuleManager: Shutting down and abandoning module AvfMediaEditor (510)
[2018.08.16-16.29.55:483][479]LogModuleManager: Shutting down and abandoning module AndroidMediaFactory (508)
[2018.08.16-16.29.55:483][479]LogModuleManager: Shutting down and abandoning module AndroidMediaEditor (506)
[2018.08.16-16.29.55:483][479]LogModuleManager: Shutting down and abandoning module CharacterAI (504)
[2018.08.16-16.29.55:483][479]LogModuleManager: Shutting down and abandoning module SmartSnapping (502)
[2018.08.16-16.29.55:483][479]LogModuleManager: Shutting down and abandoning module SessionServices (500)
[2018.08.16-16.29.55:483][479]LogModuleManager: Shutting down and abandoning module ViewportSnapping (498)
[2018.08.16-16.29.55:483][479]LogModuleManager: Shutting down and abandoning module ViewportInteraction (496)
[2018.08.16-16.29.55:483][479]LogModuleManager: Shutting down and abandoning module ClothPainter (494)
[2018.08.16-16.29.55:483][479]LogModuleManager: Shutting down and abandoning module SkeletalMeshEditor (493)
[2018.08.16-16.29.55:483][479]LogModuleManager: Shutting down and abandoning module LogVisualizer (490)
[2018.08.16-16.29.55:483][479]LogModuleManager: Shutting down and abandoning module IntroTutorials (488)
[2018.08.16-16.29.55:484][479]LogModuleManager: Shutting down and abandoning module GameProjectGeneration (487)
[2018.08.16-16.29.55:484][479]LogModuleManager: Shutting down and abandoning module IOSPlatformEditor (484)
[2018.08.16-16.29.55:484][479]LogModuleManager: Shutting down and abandoning module HTML5PlatformEditor (482)
[2018.08.16-16.29.55:484][479]LogModuleManager: Shutting down and abandoning module AndroidPlatformEditor (480)
[2018.08.16-16.29.55:484][479]LogModuleManager: Shutting down and abandoning module AndroidDeviceDetection (479)
[2018.08.16-16.29.55:772][479]LogModuleManager: Shutting down and abandoning module WindowsPlatformEditor (476)
[2018.08.16-16.29.55:772][479]LogModuleManager: Shutting down and abandoning module IOSRuntimeSettings (474)
[2018.08.16-16.29.55:772][479]LogModuleManager: Shutting down and abandoning module AndroidRuntimeSettings (472)
[2018.08.16-16.29.55:772][479]LogModuleManager: Shutting down and abandoning module InputBindingEditor (470)
[2018.08.16-16.29.55:772][479]LogModuleManager: Shutting down and abandoning module MergeActors (468)
[2018.08.16-16.29.55:772][479]LogModuleManager: Shutting down and abandoning module LocalizationDashboard (466)
[2018.08.16-16.29.55:773][479]LogModuleManager: Shutting down and abandoning module LocalizationService (465)
[2018.08.16-16.29.55:773][479]LogModuleManager: Shutting down and abandoning module HardwareTargeting (462)
[2018.08.16-16.29.55:773][479]LogModuleManager: Shutting down and abandoning module DeviceProfileEditor (460)
[2018.08.16-16.29.55:773][479]LogModuleManager: Shutting down and abandoning module UndoHistory (458)
[2018.08.16-16.29.55:773][479]LogModuleManager: Shutting down and abandoning module XmlParser (456)
[2018.08.16-16.29.55:773][479]LogModuleManager: Shutting down and abandoning module Blutility (454)
[2018.08.16-16.29.55:773][479]LogModuleManager: Shutting down and abandoning module ProjectSettingsViewer (452)
[2018.08.16-16.29.55:773][479]LogModuleManager: Shutting down and abandoning module ProjectTargetPlatformEditor (451)
[2018.08.16-16.29.55:773][479]LogModuleManager: Shutting down and abandoning module EditorSettingsViewer (448)
[2018.08.16-16.29.55:773][479]LogModuleManager: Shutting down and abandoning module SettingsEditor (446)
[2018.08.16-16.29.55:773][479]LogModuleManager: Shutting down and abandoning module ProjectLauncher (444)
[2018.08.16-16.29.55:773][479]LogModuleManager: Shutting down and abandoning module SessionFrontend (442)
[2018.08.16-16.29.55:773][479]LogModuleManager: Shutting down and abandoning module ProfilerClient (440)
[2018.08.16-16.29.55:773][479]LogModuleManager: Shutting down and abandoning module DeviceManager (438)
[2018.08.16-16.29.55:773][479]LogModuleManager: Shutting down and abandoning module TargetDeviceServices (437)
[2018.08.16-16.29.55:830][479]LogModuleManager: Shutting down and abandoning module AutomationController (434)
[2018.08.16-16.29.55:830][479]LogModuleManager: Shutting down and abandoning module AutomationWindow (432)
[2018.08.16-16.29.55:830][479]LogModuleManager: Shutting down and abandoning module Layers (430)
[2018.08.16-16.29.55:830][479]LogModuleManager: Shutting down and abandoning module ComponentVisualizers (428)
[2018.08.16-16.29.55:830][479]LogModuleManager: Shutting down and abandoning module DetailCustomizations (426)
[2018.08.16-16.29.55:830][479]LogModuleManager: Shutting down and abandoning module PackagesDialog (424)
[2018.08.16-16.29.55:830][479]LogModuleManager: Shutting down and abandoning module Persona (422)
[2018.08.16-16.29.55:830][479]LogModuleManager: Shutting down and abandoning module AdvancedPreviewScene (421)
[2018.08.16-16.29.55:830][479]LogModuleManager: Shutting down and abandoning module AnimGraph (419)
[2018.08.16-16.29.55:830][479]LogModuleManager: Shutting down and abandoning module Kismet (416)
[2018.08.16-16.29.55:836][479]LogModuleManager: Shutting down and abandoning module GraphEditor (414)
[2018.08.16-16.29.55:836][479]LogModuleManager: Shutting down and abandoning module ClassViewer (412)
[2018.08.16-16.29.55:836][479]LogModuleManager: Shutting down and abandoning module Toolbox (410)
[2018.08.16-16.29.55:836][479]LogModuleManager: Shutting down and abandoning module ModuleUI (408)
[2018.08.16-16.29.55:836][479]LogModuleManager: Shutting down and abandoning module MovieSceneTools (406)
[2018.08.16-16.29.55:836][479]LogModuleManager: Shutting down and abandoning module OutputLog (404)
[2018.08.16-16.29.55:836][479]LogModuleManager: Shutting down and abandoning module GammaUI (402)
[2018.08.16-16.29.55:836][479]LogModuleManager: Shutting down and abandoning module Documentation (400)
[2018.08.16-16.29.55:836][479]LogModuleManager: Shutting down and abandoning module MovieSceneTracks (398)
[2018.08.16-16.29.55:836][479]LogModuleManager: Shutting down and abandoning module MovieScene (396)
[2018.08.16-16.29.55:836][479]LogModuleManager: Shutting down and abandoning module StreamingPauseRendering (394)
[2018.08.16-16.29.55:836][479]LogModuleManager: Shutting down and abandoning module LauncherPlatform (392)
[2018.08.16-16.29.55:836][479]LogModuleManager: Shutting down and abandoning module AnalyticsET (390)
[2018.08.16-16.29.55:836][479]LogModuleManager: Shutting down and abandoning module PortalServices (388)
[2018.08.16-16.29.55:836][479]LogModuleManager: Shutting down and abandoning module PortalRpc (386)
[2018.08.16-16.29.55:836][479]LogModuleManager: Shutting down and abandoning module MessagingRpc (384)
[2018.08.16-16.29.55:836][479]LogModuleManager: Shutting down and abandoning module AIModule (382)
[2018.08.16-16.29.55:837][479]LogModuleManager: Shutting down and abandoning module GameplayDebugger (381)
[2018.08.16-16.29.55:837][479]LogModuleManager: Shutting down and abandoning module AITestSuite (379)
[2018.08.16-16.29.55:837][479]LogModuleManager: Shutting down and abandoning module DesktopPlatform (376)
[2018.08.16-16.29.55:837][479]LogModuleManager: Shutting down and abandoning module ProfilerService (374)
[2018.08.16-16.29.55:963][479]LogModuleManager: Shutting down and abandoning module TaskGraph (372)
[2018.08.16-16.29.55:963][479]LogModuleManager: Shutting down and abandoning module SteamVRController (370)
[2018.08.16-16.29.55:963][479]LogModuleManager: Shutting down and abandoning module ProceduralMeshComponentEditor (368)
[2018.08.16-16.29.55:963][479]LogModuleManager: Shutting down and abandoning module ProceduralMeshComponent (366)
[2018.08.16-16.29.55:963][479]LogModuleManager: Shutting down and abandoning module OculusInput (364)
[2018.08.16-16.29.55:963][479]LogModuleManager: Shutting down and abandoning module MobilePatchingUtils (362)
[2018.08.16-16.29.55:964][479]LogModuleManager: Shutting down and abandoning module CustomMeshComponent (360)
[2018.08.16-16.29.55:964][479]LogModuleManager: Shutting down and abandoning module CableComponent (358)
[2018.08.16-16.29.55:964][479]LogModuleManager: Shutting down and abandoning module AudioCapture (356)
[2018.08.16-16.29.55:964][479]LogModuleManager: Shutting down and abandoning module ArchVisCharacter (354)
[2018.08.16-16.29.55:964][479]LogModuleManager: Shutting down and abandoning module AndroidPermission (352)
[2018.08.16-16.29.55:964][479]LogModuleManager: Shutting down and abandoning module NUTUnrealEngine4 (348)
[2018.08.16-16.29.55:964][479]LogModuleManager: Shutting down and abandoning module NetcodeUnitTest (346)
[2018.08.16-16.29.55:964][479]LogModuleManager: Shutting down and abandoning module MediaCompositingEditor (344)
[2018.08.16-16.29.55:964][479]LogModuleManager: Shutting down and abandoning module MediaCompositing (342)
[2018.08.16-16.29.55:964][479]LogModuleManager: Shutting down and abandoning module LinearTimecode (340)
[2018.08.16-16.29.55:964][479]LogModuleManager: Shutting down and abandoning module ImgMedia (338)
[2018.08.16-16.29.55:967][479]LogModuleManager: Shutting down and abandoning module HTML5Networking (336)
[2018.08.16-16.29.55:967][479]LogModuleManager: Shutting down and abandoning module AlembicImporter (334)
[2018.08.16-16.29.55:967][479]LogModuleManager: Shutting down and abandoning module AlembicLibrary (333)
[2018.08.16-16.29.55:967][479]LogModuleManager: Shutting down and abandoning module GeometryCache (332)
[2018.08.16-16.29.55:967][479]LogModuleManager: Shutting down and abandoning module GeometryCacheEd (331)
[2018.08.16-16.29.55:967][479]LogModuleManager: Shutting down and abandoning module DatasmithContent (326)
[2018.08.16-16.29.55:967][479]LogModuleManager: Shutting down and abandoning module SpeedTreeImporter (324)
[2018.08.16-16.29.55:967][479]LogModuleManager: Shutting down and abandoning module PluginBrowser (322)
[2018.08.16-16.29.55:967][479]LogModuleManager: Shutting down and abandoning module MobileLauncherProfileWizard (320)
[2018.08.16-16.29.55:967][479]LogModuleManager: Shutting down and abandoning module CryptoKeysOpenSSL (318)
[2018.08.16-16.29.55:967][479]LogModuleManager: Shutting down and abandoning module CryptoKeys (316)
[2018.08.16-16.29.55:967][479]LogModuleManager: Shutting down and abandoning module VisualStudioSourceCodeAccess (314)
[2018.08.16-16.29.55:967][479]LogModuleManager: Shutting down and abandoning module VisualStudioCodeSourceCodeAccess (312)
[2018.08.16-16.29.55:967][479]LogModuleManager: Shutting down and abandoning module UObjectPlugin (310)
[2018.08.16-16.29.55:967][479]LogModuleManager: Shutting down and abandoning module SubversionSourceControl (308)
[2018.08.16-16.29.55:967][479]LogModuleManager: Shutting down and abandoning module PerforceSourceControl (306)
[2018.08.16-16.29.55:967][479]LogModuleManager: Shutting down and abandoning module GitSourceControl (304)
[2018.08.16-16.29.55:967][479]LogModuleManager: Shutting down and abandoning module SourceControl (303)
[2018.08.16-16.29.55:967][479]LogModuleManager: Shutting down and abandoning module CLionSourceCodeAccess (300)
[2018.08.16-16.29.55:967][479]LogModuleManager: Shutting down and abandoning module LightPropagationVolumeEditor (298)
[2018.08.16-16.29.55:967][479]LogModuleManager: Shutting down and abandoning module PaperTiledImporter (296)
[2018.08.16-16.29.55:967][479]LogModuleManager: Shutting down and abandoning module PaperSpriteSheetImporter (294)
[2018.08.16-16.29.55:967][479]LogModuleManager: Shutting down and abandoning module Paper2DEditor (292)
[2018.08.16-16.29.55:967][479]LogModuleManager: Shutting down and abandoning module MeshPaint (291)
[2018.08.16-16.29.55:967][479]LogModuleManager: Shutting down and abandoning module RuntimePhysXCooking (288)
[2018.08.16-16.29.55:967][479]LogModuleManager: Shutting down and abandoning module PhysXVehiclesEditor (286)
[2018.08.16-16.29.55:967][479]LogModuleManager: Shutting down and abandoning module PhysXVehicles (284)
[2018.08.16-16.29.55:967][479]LogModuleManager: Shutting down and abandoning module OculusEditor (282)
[2018.08.16-16.29.55:967][479]LogModuleManager: Shutting down and abandoning module LocationServicesBPLibrary (280)
[2018.08.16-16.29.55:967][479]LogModuleManager: Shutting down and abandoning module ImmediatePhysicsEditor (278)
[2018.08.16-16.29.55:967][479]LogModuleManager: Shutting down and abandoning module ImmediatePhysics (276)
[2018.08.16-16.29.55:967][479]LogModuleManager: Shutting down and abandoning module ActorSequence (274)
[2018.08.16-16.29.55:967][479]LogModuleManager: Shutting down and abandoning module UdpMessaging (272)
[2018.08.16-16.29.56:068][479]LogModuleManager: Shutting down and abandoning module TcpMessaging (270)
[2018.08.16-16.29.56:169][479]LogModuleManager: Shutting down and abandoning module GameplayTagsEditor (268)
[2018.08.16-16.29.56:169][479]LogModuleManager: Shutting down and abandoning module FacialAnimationEditor (266)
[2018.08.16-16.29.56:169][479]LogModuleManager: Shutting down and abandoning module FacialAnimation (264)
[2018.08.16-16.29.56:169][479]LogModuleManager: Shutting down and abandoning module DataValidation (262)
[2018.08.16-16.29.56:169][479]LogModuleManager: Shutting down and abandoning module AssetManagerEditor (260)
[2018.08.16-16.29.56:169][479]LogModuleManager: Shutting down and abandoning module LevelEditor (259)
[2018.08.16-16.29.56:170][479]LogModuleManager: Shutting down and abandoning module PixelInspectorModule (258)
[2018.08.16-16.29.56:170][479]LogModuleManager: Shutting down and abandoning module CommonMenuExtensions (256)
[2018.08.16-16.29.56:170][479]LogModuleManager: Shutting down and abandoning module MainFrame (254)
[2018.08.16-16.29.56:170][479]LogModuleManager: Shutting down and abandoning module HotReload (253)
[2018.08.16-16.29.56:170][479]LogModuleManager: Shutting down and abandoning module ContentBrowser (249)
[2018.08.16-16.29.56:171][479]LogModuleManager: Shutting down and abandoning module TreeMap (247)
[2018.08.16-16.29.56:172][479]LogModuleManager: Shutting down and abandoning module LightPropagationVolumeRuntime (244)
[2018.08.16-16.29.56:172][479]LogModuleManager: Shutting down and abandoning module LiveLinkEditor (242)
[2018.08.16-16.29.56:172][479]LogModuleManager: Shutting down and abandoning module LiveLink (240)
[2018.08.16-16.29.57:117][479]LogModuleManager: Shutting down and abandoning module Paper2D (238)
[2018.08.16-16.29.57:117][479]LogModuleManager: Shutting down and abandoning module WindowsMoviePlayer (236)
[2018.08.16-16.29.57:117][479]LogModuleManager: Shutting down and abandoning module WmfMedia (234)
[2018.08.16-16.29.57:118][479]LogModuleManager: Shutting down and abandoning module Media (233)
[2018.08.16-16.29.57:124][479]LogModuleManager: Shutting down and abandoning module PacketHandler (230)
[2018.08.16-16.29.57:124][479]LogModuleManager: Shutting down and abandoning module ClothingSystemEditor (228)
[2018.08.16-16.29.57:124][479]LogModuleManager: Shutting down and abandoning module ClothingSystemRuntime (226)
[2018.08.16-16.29.57:124][479]LogModuleManager: Shutting down and abandoning module MediaAssets (224)
[2018.08.16-16.29.57:124][479]LogModuleManager: Shutting down and abandoning module Overlay (222)
[2018.08.16-16.29.57:124][479]LogModuleManager: Shutting down and abandoning module OverlayEditor (221)
[2018.08.16-16.29.57:124][479]LogModuleManager: Shutting down and abandoning module VREditor (218)
[2018.08.16-16.29.57:124][479]LogModuleManager: Shutting down and abandoning module StringTableEditor (216)
[2018.08.16-16.29.57:124][479]LogModuleManager: Shutting down and abandoning module GameplayTasksEditor (214)
[2018.08.16-16.29.57:124][479]LogModuleManager: Shutting down and abandoning module BehaviorTreeEditor (212)
[2018.08.16-16.29.57:124][479]LogModuleManager: Shutting down and abandoning module FunctionalTesting (210)
[2018.08.16-16.29.57:124][479]LogModuleManager: Shutting down and abandoning module CollisionAnalyzer (208)
[2018.08.16-16.29.57:124][479]LogModuleManager: Shutting down and abandoning module WorkspaceMenuStructure (207)
[2018.08.16-16.29.57:124][479]LogModuleManager: Shutting down and abandoning module UMG (204)
[2018.08.16-16.29.57:124][479]LogModuleManager: Shutting down and abandoning module UMGEditor (203)
[2018.08.16-16.29.57:124][479]LogModuleManager: Shutting down and abandoning module Sequencer (202)
[2018.08.16-16.29.57:124][479]LogModuleManager: Shutting down and abandoning module MessageLog (199)
[2018.08.16-16.29.57:124][479]LogModuleManager: Shutting down and abandoning module SlateReflector (194)
[2018.08.16-16.29.57:125][479]LogModuleManager: Shutting down and abandoning module Slate (192)
[2018.08.16-16.29.57:125][479]LogModuleManager: Shutting down and abandoning module EditorStyle (190)
[2018.08.16-16.29.57:127][479]LogModuleManager: Shutting down and abandoning module MRMesh (188)
[2018.08.16-16.29.57:127][479]LogModuleManager: Shutting down and abandoning module SourceCodeAccess (186)
[2018.08.16-16.29.57:127][479]LogModuleManager: Shutting down and abandoning module HeadMountedDisplay (184)
[2018.08.16-16.29.57:127][479]LogModuleManager: Shutting down and abandoning module XAudio2 (182)
[2018.08.16-16.29.57:127][479]LogModuleManager: Shutting down and abandoning module Networking (180)
[2018.08.16-16.29.57:127][479]LogModuleManager: Shutting down and abandoning module Core (178)
[2018.08.16-16.29.57:127][479]LogModuleManager: Shutting down and abandoning module LevelSequence (176)
[2018.08.16-16.29.57:127][479]LogModuleManager: Shutting down and abandoning module KismetCompiler (174)
[2018.08.16-16.29.57:127][479]LogModuleManager: Shutting down and abandoning module MeshUtilities (172)
[2018.08.16-16.29.57:127][479]LogModuleManager: Shutting down and abandoning module MeshMergeUtilities (171)
[2018.08.16-16.29.57:127][479]LogModuleManager: Shutting down and abandoning module MeshReductionInterface (170)
[2018.08.16-16.29.57:127][479]LogModuleManager: Shutting down and abandoning module SimplygonSwarm (169)
[2018.08.16-16.29.57:127][479]LogModuleManager: Shutting down and abandoning module SimplygonMeshReduction (167)
[2018.08.16-16.29.57:127][479]LogModuleManager: Shutting down and abandoning module QuadricMeshReduction (165)
[2018.08.16-16.29.57:127][479]LogModuleManager: Shutting down and abandoning module MaterialBaking (161)
[2018.08.16-16.29.57:127][479]LogModuleManager: Shutting down and abandoning module DirectoryWatcher (157)
[2018.08.16-16.29.57:128][479]LogModuleManager: Shutting down and abandoning module DerivedDataCache (154)
[2018.08.16-16.29.57:206][479]LogDerivedDataCache: Shutdown
[2018.08.16-16.29.57:206][479]LogModuleManager: Shutting down and abandoning module XGEController (152)
[2018.08.16-16.29.57:206][479]LogModuleManager: Shutting down and abandoning module TargetPlatform (150)
[2018.08.16-16.29.57:207][479]LogModuleManager: Shutting down and abandoning module VulkanShaderFormat (149)
[2018.08.16-16.29.57:207][479]LogModuleManager: Shutting down and abandoning module ShaderFormatVectorVM (147)
[2018.08.16-16.29.57:207][479]LogModuleManager: Shutting down and abandoning module ShaderFormatOpenGL (145)
[2018.08.16-16.29.57:207][479]LogModuleManager: Shutting down and abandoning module ShaderFormatD3D (143)
[2018.08.16-16.29.57:207][479]LogModuleManager: Shutting down and abandoning module MetalShaderFormat (141)
[2018.08.16-16.29.57:207][479]LogModuleManager: Shutting down and abandoning module TextureFormatUncompressed (139)
[2018.08.16-16.29.57:207][479]LogModuleManager: Shutting down and abandoning module TextureFormatPVR (137)
[2018.08.16-16.29.57:207][479]LogModuleManager: Shutting down and abandoning module TextureFormatDXT (135)
[2018.08.16-16.29.57:207][479]LogModuleManager: Shutting down and abandoning module TextureFormatIntelISPCTexComp (133)
[2018.08.16-16.29.57:207][479]LogModuleManager: Shutting down and abandoning module TextureFormatASTC (131)
[2018.08.16-16.29.57:207][479]LogModuleManager: Shutting down and abandoning module ImageWrapper (130)
[2018.08.16-16.29.57:207][479]LogModuleManager: Shutting down and abandoning module TextureFormatAndroid (127)
[2018.08.16-16.29.57:207][479]LogModuleManager: Shutting down and abandoning module AudioFormatOpus (125)
[2018.08.16-16.29.57:207][479]LogModuleManager: Shutting down and abandoning module AudioFormatOgg (123)
[2018.08.16-16.29.57:207][479]LogModuleManager: Shutting down and abandoning module AudioFormatADPCM (121)
[2018.08.16-16.29.57:207][479]LogModuleManager: Shutting down and abandoning module LinuxTargetPlatform (119)
[2018.08.16-16.29.57:207][479]LogModuleManager: Shutting down and abandoning module LinuxServerTargetPlatform (117)
[2018.08.16-16.29.57:207][479]LogModuleManager: Shutting down and abandoning module LinuxNoEditorTargetPlatform (115)
[2018.08.16-16.29.57:207][479]LogModuleManager: Shutting down and abandoning module LinuxClientTargetPlatform (113)
[2018.08.16-16.29.57:207][479]LogModuleManager: Shutting down and abandoning module TVOSTargetPlatform (111)
[2018.08.16-16.29.57:207][479]LogModuleManager: Shutting down and abandoning module Messaging (109)
[2018.08.16-16.29.57:207][479]LogModuleManager: Shutting down and abandoning module IOSTargetPlatform (107)
[2018.08.16-16.29.57:207][479]LogModuleManager: Shutting down and abandoning module HTML5TargetPlatform (105)
[2018.08.16-16.29.57:207][479]LogModuleManager: Shutting down and abandoning module AndroidTargetPlatform (103)
[2018.08.16-16.29.57:207][479]LogModuleManager: Shutting down and abandoning module Android_PVRTCTargetPlatform (101)
[2018.08.16-16.29.57:207][479]LogModuleManager: Shutting down and abandoning module Android_MultiTargetPlatform (99)
[2018.08.16-16.29.57:207][479]LogModuleManager: Shutting down and abandoning module Android_ETC2TargetPlatform (97)
[2018.08.16-16.29.57:207][479]LogModuleManager: Shutting down and abandoning module Android_ETC1TargetPlatform (95)
[2018.08.16-16.29.57:207][479]LogModuleManager: Shutting down and abandoning module Android_ETC1aTargetPlatform (93)
[2018.08.16-16.29.57:207][479]LogModuleManager: Shutting down and abandoning module Android_DXTTargetPlatform (91)
[2018.08.16-16.29.57:207][479]LogModuleManager: Shutting down and abandoning module Android_ATCTargetPlatform (89)
[2018.08.16-16.29.57:207][479]LogModuleManager: Shutting down and abandoning module Android_ASTCTargetPlatform (87)
[2018.08.16-16.29.57:207][479]LogModuleManager: Shutting down and abandoning module WindowsTargetPlatform (85)
[2018.08.16-16.29.57:207][479]LogModuleManager: Shutting down and abandoning module WindowsServerTargetPlatform (83)
[2018.08.16-16.29.57:207][479]LogModuleManager: Shutting down and abandoning module WindowsNoEditorTargetPlatform (81)
[2018.08.16-16.29.57:207][479]LogModuleManager: Shutting down and abandoning module WindowsClientTargetPlatform (79)
[2018.08.16-16.29.57:207][479]LogModuleManager: Shutting down and abandoning module MacTargetPlatform (77)
[2018.08.16-16.29.57:207][479]LogModuleManager: Shutting down and abandoning module MacServerTargetPlatform (75)
[2018.08.16-16.29.57:207][479]LogModuleManager: Shutting down and abandoning module MacNoEditorTargetPlatform (73)
[2018.08.16-16.29.57:207][479]LogModuleManager: Shutting down and abandoning module MacClientTargetPlatform (71)
[2018.08.16-16.29.57:207][479]LogModuleManager: Shutting down and abandoning module AllDesktopTargetPlatform (69)
[2018.08.16-16.29.57:207][479]LogModuleManager: Shutting down and abandoning module InputCore (66)
[2018.08.16-16.29.57:207][479]LogModuleManager: Shutting down and abandoning module Settings (64)
[2018.08.16-16.29.57:207][479]LogModuleManager: Shutting down and abandoning module PhysXCooking (62)
[2018.08.16-16.29.57:207][479]LogModuleManager: Shutting down and abandoning module SteamVR (60)
[2018.08.16-16.29.57:207][479]LogModuleManager: Shutting down and abandoning module OculusHMD (58)
[2018.08.16-16.29.57:207][479]LogModuleManager: Shutting down and abandoning module ExampleDeviceProfileSelector (56)
[2018.08.16-16.29.57:207][479]LogModuleManager: Shutting down and abandoning module AppleARKit (54)
[2018.08.16-16.29.57:208][479]LogModuleManager: Shutting down and abandoning module AugmentedReality (51)
[2018.08.16-16.29.57:208][479]LogModuleManager: Shutting down and abandoning module OnlineBlueprintSupport (48)
[2018.08.16-16.29.57:208][479]LogModuleManager: Shutting down and abandoning module OnlineSubsystem (44)
[2018.08.16-16.29.57:208][479]LogModuleManager: Shutting down and abandoning module XMPP (43)
[2018.08.16-16.29.57:208][479]LogModuleManager: Shutting down and abandoning module HTTP (41)
[2018.08.16-16.29.57:208][479]LogHttp: Display: Http module shutting down, but needs to wait on 1 outstanding Http requests:
[2018.08.16-16.29.57:208][479]LogHttp: Display: 	verb=[POST] url=[https://datarouter.ol.epicgames.com/datarouter/api/v1/public/data?SessionID=%7B81E9F37F-41BE-48AE-706A-6881283CF481%7D&AppID=UEEditor.Rocket.Release&AppVersion=4.19.2-4033788%2B%2B%2BUE4%2BRelease-4.19&UserID=d389de72415d3585ef8d57af7c4e1375%7C13f3c40ca45b4851a77815bcc8fb98f8%7C3379f976-6253-455b-983c-6a7f2b8ce9d1&AppEnvironment=datacollector-binary&UploadType=eteventstream] status=Processing
[2018.08.16-16.29.57:232][479]LogModuleManager: Shutting down and abandoning module SSL (40)
[2018.08.16-16.29.57:233][479]LogModuleManager: Shutting down and abandoning module AnimationModifiers (36)
[2018.08.16-16.29.57:233][479]LogModuleManager: Shutting down and abandoning module PropertyEditor (35)
[2018.08.16-16.29.57:233][479]LogModuleManager: Shutting down and abandoning module AudioEditor (32)
[2018.08.16-16.29.57:233][479]LogModuleManager: Shutting down and abandoning module TextureCompressor (30)
[2018.08.16-16.29.57:234][479]LogModuleManager: Shutting down and abandoning module ShaderCore (28)
[2018.08.16-16.29.57:234][479]LogModuleManager: Shutting down and abandoning module Landscape (26)
[2018.08.16-16.29.57:234][479]LogModuleManager: Shutting down and abandoning module SlateRHIRenderer (24)
[2018.08.16-16.29.57:234][479]LogModuleManager: Shutting down and abandoning module OpenGLDrv (22)
[2018.08.16-16.29.57:234][479]LogModuleManager: Shutting down and abandoning module D3D11RHI (20)
[2018.08.16-16.29.57:234][479]LogModuleManager: Shutting down and abandoning module AnimGraphRuntime (18)
[2018.08.16-16.29.57:235][479]LogModuleManager: Shutting down and abandoning module Renderer (16)
[2018.08.16-16.29.57:235][479]LogModuleManager: Shutting down and abandoning module Engine (14)
[2018.08.16-16.29.57:235][479]LogModuleManager: Shutting down and abandoning module CoreUObject (12)
[2018.08.16-16.29.57:235][479]LogModuleManager: Shutting down and abandoning module NetworkFile (10)
[2018.08.16-16.29.57:235][479]LogModuleManager: Shutting down and abandoning module CookedIterativeFile (8)
[2018.08.16-16.29.57:235][479]LogModuleManager: Shutting down and abandoning module StreamingFile (6)
[2018.08.16-16.29.57:235][479]LogModuleManager: Shutting down and abandoning module SandboxFile (4)
[2018.08.16-16.29.57:235][479]LogModuleManager: Shutting down and abandoning module PakFile (2)
[2018.08.16-16.29.57:238][479]LogExit: Exiting.
[2018.08.16-16.29.57:254][479]Log file closed, 08/16/18 18:29:57
